Started GET "/posts/new" for 127.0.0.1 at 2018-07-29 16:52:53 -0300
  
ActiveRecord::NoDatabaseError (FATAL:  role "baquara" does not exist
):
  
activerecord (5.0.1) lib/active_record/connection_adapters/postgresql_adapter.rb:675:in `rescue in connect'
activerecord (5.0.1) lib/active_record/connection_adapters/postgresql_adapter.rb:670:in `connect'
activerecord (5.0.1) lib/active_record/connection_adapters/postgresql_adapter.rb:217:in `initialize'
activerecord (5.0.1) lib/active_record/connection_adapters/postgresql_adapter.rb:37:in `new'
activerecord (5.0.1) lib/active_record/connection_adapters/postgresql_adapter.rb:37:in `postgresql_connection'
activerecord (5.0.1) lib/active_record/connection_adapters/abstract/connection_pool.rb:729:in `new_connection'
activerecord (5.0.1) lib/active_record/connection_adapters/abstract/connection_pool.rb:773:in `checkout_new_connection'
activerecord (5.0.1) lib/active_record/connection_adapters/abstract/connection_pool.rb:752:in `try_to_checkout_new_connection'
activerecord (5.0.1) lib/active_record/connection_adapters/abstract/connection_pool.rb:713:in `acquire_connection'
activerecord (5.0.1) lib/active_record/connection_adapters/abstract/connection_pool.rb:490:in `checkout'
activerecord (5.0.1) lib/active_record/connection_adapters/abstract/connection_pool.rb:364:in `connection'
activerecord (5.0.1) lib/active_record/connection_adapters/abstract/connection_pool.rb:883:in `retrieve_connection'
activerecord (5.0.1) lib/active_record/connection_handling.rb:128:in `retrieve_connection'
activerecord (5.0.1) lib/active_record/connection_handling.rb:91:in `connection'
activerecord (5.0.1) lib/active_record/migration.rb:559:in `connection'
activerecord (5.0.1) lib/active_record/migration.rb:546:in `call'
actionpack (5.0.1) lib/action_dispatch/middleware/callbacks.rb:38:in `block in call'
activesupport (5.0.1) lib/active_support/callbacks.rb:97:in `__run_callbacks__'
activesupport (5.0.1) lib/active_support/callbacks.rb:750:in `_run_call_callbacks'
activesupport (5.0.1) lib/active_support/callbacks.rb:90:in `run_callbacks'
actionpack (5.0.1) lib/action_dispatch/middleware/callbacks.rb:36:in `call'
actionpack (5.0.1) lib/action_dispatch/middleware/executor.rb:12:in `call'
actionpack (5.0.1) lib/action_dispatch/middleware/remote_ip.rb:79:in `call'
actionpack (5.0.1) lib/action_dispatch/middleware/debug_exceptions.rb:49:in `call'
web-console (3.4.0) lib/web_console/middleware.rb:135:in `call_app'
web-console (3.4.0) lib/web_console/middleware.rb:28:in `block in call'
web-console (3.4.0) lib/web_console/middleware.rb:18:in `catch'
web-console (3.4.0) lib/web_console/middleware.rb:18:in `call'
actionpack (5.0.1) lib/action_dispatch/middleware/show_exceptions.rb:31:in `call'
railties (5.0.1) lib/rails/rack/logger.rb:36:in `call_app'
railties (5.0.1) lib/rails/rack/logger.rb:24:in `block in call'
activesupport (5.0.1) lib/active_support/tagged_logging.rb:69:in `block in tagged'
activesupport (5.0.1) lib/active_support/tagged_logging.rb:26:in `tagged'
activesupport (5.0.1) lib/active_support/tagged_logging.rb:69:in `tagged'
railties (5.0.1) lib/rails/rack/logger.rb:24:in `call'
sprockets-rails (3.2.0) lib/sprockets/rails/quiet_assets.rb:13:in `call'
actionpack (5.0.1) lib/action_dispatch/middleware/request_id.rb:24:in `call'
rack (2.0.1) lib/rack/method_override.rb:22:in `call'
rack (2.0.1) lib/rack/runtime.rb:22:in `call'
activesupport (5.0.1) lib/active_support/cache/strategy/local_cache_middleware.rb:28:in `call'
actionpack (5.0.1) lib/action_dispatch/middleware/executor.rb:12:in `call'
actionpack (5.0.1) lib/action_dispatch/middleware/static.rb:136:in `call'
rack (2.0.1) lib/rack/sendfile.rb:111:in `call'
railties (5.0.1) lib/rails/engine.rb:522:in `call'
puma (3.7.0) lib/puma/configuration.rb:226:in `call'
puma (3.7.0) lib/puma/server.rb:578:in `handle_request'
puma (3.7.0) lib/puma/server.rb:415:in `process_client'
puma (3.7.0) lib/puma/server.rb:275:in `block in run'
puma (3.7.0) lib/puma/thread_pool.rb:120:in `block in spawn_thread'
  Rendering /usr/lib/ruby/gems/2.5.0/gems/actionpack-5.0.1/lib/action_dispatch/middleware/templates/rescues/diagnostics.html.erb within rescues/layout
  Rendering /usr/lib/ruby/gems/2.5.0/gems/actionpack-5.0.1/lib/action_dispatch/middleware/templates/rescues/_source.html.erb
  Rendered /usr/lib/ruby/gems/2.5.0/gems/actionpack-5.0.1/lib/action_dispatch/middleware/templates/rescues/_source.html.erb (1.8ms)
  Rendering /usr/lib/ruby/gems/2.5.0/gems/actionpack-5.0.1/lib/action_dispatch/middleware/templates/rescues/_trace.html.erb
  Rendered /usr/lib/ruby/gems/2.5.0/gems/actionpack-5.0.1/lib/action_dispatch/middleware/templates/rescues/_trace.html.erb (1.3ms)
  Rendering /usr/lib/ruby/gems/2.5.0/gems/actionpack-5.0.1/lib/action_dispatch/middleware/templates/rescues/_request_and_response.html.erb
  Rendered /usr/lib/ruby/gems/2.5.0/gems/actionpack-5.0.1/lib/action_dispatch/middleware/templates/rescues/_request_and_response.html.erb (0.5ms)
  Rendered /usr/lib/ruby/gems/2.5.0/gems/actionpack-5.0.1/lib/action_dispatch/middleware/templates/rescues/diagnostics.html.erb within rescues/layout (17.9ms)
Started GET "/" for 127.0.0.1 at 2018-07-29 16:52:58 -0300
  
ActiveRecord::NoDatabaseError (FATAL:  role "baquara" does not exist
):
  
activerecord (5.0.1) lib/active_record/connection_adapters/postgresql_adapter.rb:675:in `rescue in connect'
activerecord (5.0.1) lib/active_record/connection_adapters/postgresql_adapter.rb:670:in `connect'
activerecord (5.0.1) lib/active_record/connection_adapters/postgresql_adapter.rb:217:in `initialize'
activerecord (5.0.1) lib/active_record/connection_adapters/postgresql_adapter.rb:37:in `new'
activerecord (5.0.1) lib/active_record/connection_adapters/postgresql_adapter.rb:37:in `postgresql_connection'
activerecord (5.0.1) lib/active_record/connection_adapters/abstract/connection_pool.rb:729:in `new_connection'
activerecord (5.0.1) lib/active_record/connection_adapters/abstract/connection_pool.rb:773:in `checkout_new_connection'
activerecord (5.0.1) lib/active_record/connection_adapters/abstract/connection_pool.rb:752:in `try_to_checkout_new_connection'
activerecord (5.0.1) lib/active_record/connection_adapters/abstract/connection_pool.rb:713:in `acquire_connection'
activerecord (5.0.1) lib/active_record/connection_adapters/abstract/connection_pool.rb:490:in `checkout'
activerecord (5.0.1) lib/active_record/connection_adapters/abstract/connection_pool.rb:364:in `connection'
activerecord (5.0.1) lib/active_record/connection_adapters/abstract/connection_pool.rb:883:in `retrieve_connection'
activerecord (5.0.1) lib/active_record/connection_handling.rb:128:in `retrieve_connection'
activerecord (5.0.1) lib/active_record/connection_handling.rb:91:in `connection'
activerecord (5.0.1) lib/active_record/migration.rb:559:in `connection'
activerecord (5.0.1) lib/active_record/migration.rb:546:in `call'
actionpack (5.0.1) lib/action_dispatch/middleware/callbacks.rb:38:in `block in call'
activesupport (5.0.1) lib/active_support/callbacks.rb:97:in `__run_callbacks__'
activesupport (5.0.1) lib/active_support/callbacks.rb:750:in `_run_call_callbacks'
activesupport (5.0.1) lib/active_support/callbacks.rb:90:in `run_callbacks'
actionpack (5.0.1) lib/action_dispatch/middleware/callbacks.rb:36:in `call'
actionpack (5.0.1) lib/action_dispatch/middleware/executor.rb:12:in `call'
actionpack (5.0.1) lib/action_dispatch/middleware/remote_ip.rb:79:in `call'
actionpack (5.0.1) lib/action_dispatch/middleware/debug_exceptions.rb:49:in `call'
web-console (3.4.0) lib/web_console/middleware.rb:135:in `call_app'
web-console (3.4.0) lib/web_console/middleware.rb:28:in `block in call'
web-console (3.4.0) lib/web_console/middleware.rb:18:in `catch'
web-console (3.4.0) lib/web_console/middleware.rb:18:in `call'
actionpack (5.0.1) lib/action_dispatch/middleware/show_exceptions.rb:31:in `call'
railties (5.0.1) lib/rails/rack/logger.rb:36:in `call_app'
railties (5.0.1) lib/rails/rack/logger.rb:24:in `block in call'
activesupport (5.0.1) lib/active_support/tagged_logging.rb:69:in `block in tagged'
activesupport (5.0.1) lib/active_support/tagged_logging.rb:26:in `tagged'
activesupport (5.0.1) lib/active_support/tagged_logging.rb:69:in `tagged'
railties (5.0.1) lib/rails/rack/logger.rb:24:in `call'
sprockets-rails (3.2.0) lib/sprockets/rails/quiet_assets.rb:13:in `call'
actionpack (5.0.1) lib/action_dispatch/middleware/request_id.rb:24:in `call'
rack (2.0.1) lib/rack/method_override.rb:22:in `call'
rack (2.0.1) lib/rack/runtime.rb:22:in `call'
activesupport (5.0.1) lib/active_support/cache/strategy/local_cache_middleware.rb:28:in `call'
actionpack (5.0.1) lib/action_dispatch/middleware/executor.rb:12:in `call'
actionpack (5.0.1) lib/action_dispatch/middleware/static.rb:136:in `call'
rack (2.0.1) lib/rack/sendfile.rb:111:in `call'
railties (5.0.1) lib/rails/engine.rb:522:in `call'
puma (3.7.0) lib/puma/configuration.rb:226:in `call'
puma (3.7.0) lib/puma/server.rb:578:in `handle_request'
puma (3.7.0) lib/puma/server.rb:415:in `process_client'
puma (3.7.0) lib/puma/server.rb:275:in `block in run'
puma (3.7.0) lib/puma/thread_pool.rb:120:in `block in spawn_thread'
  Rendering /usr/lib/ruby/gems/2.5.0/gems/actionpack-5.0.1/lib/action_dispatch/middleware/templates/rescues/diagnostics.html.erb within rescues/layout
  Rendering /usr/lib/ruby/gems/2.5.0/gems/actionpack-5.0.1/lib/action_dispatch/middleware/templates/rescues/_source.html.erb
  Rendered /usr/lib/ruby/gems/2.5.0/gems/actionpack-5.0.1/lib/action_dispatch/middleware/templates/rescues/_source.html.erb (2.2ms)
  Rendering /usr/lib/ruby/gems/2.5.0/gems/actionpack-5.0.1/lib/action_dispatch/middleware/templates/rescues/_trace.html.erb
  Rendered /usr/lib/ruby/gems/2.5.0/gems/actionpack-5.0.1/lib/action_dispatch/middleware/templates/rescues/_trace.html.erb (1.1ms)
  Rendering /usr/lib/ruby/gems/2.5.0/gems/actionpack-5.0.1/lib/action_dispatch/middleware/templates/rescues/_request_and_response.html.erb
  Rendered /usr/lib/ruby/gems/2.5.0/gems/actionpack-5.0.1/lib/action_dispatch/middleware/templates/rescues/_request_and_response.html.erb (0.8ms)
  Rendered /usr/lib/ruby/gems/2.5.0/gems/actionpack-5.0.1/lib/action_dispatch/middleware/templates/rescues/diagnostics.html.erb within rescues/layout (15.8ms)
Started GET "/" for 127.0.0.1 at 2018-07-29 16:55:51 -0300
  
ActiveRecord::PendingMigrationError (

Migrations are pending. To resolve this issue, run:

        bin/rails db:migrate RAILS_ENV=development

):
  
activerecord (5.0.1) lib/active_record/migration.rb:573:in `check_pending!'
activerecord (5.0.1) lib/active_record/migration.rb:549:in `call'
actionpack (5.0.1) lib/action_dispatch/middleware/callbacks.rb:38:in `block in call'
activesupport (5.0.1) lib/active_support/callbacks.rb:97:in `__run_callbacks__'
activesupport (5.0.1) lib/active_support/callbacks.rb:750:in `_run_call_callbacks'
activesupport (5.0.1) lib/active_support/callbacks.rb:90:in `run_callbacks'
actionpack (5.0.1) lib/action_dispatch/middleware/callbacks.rb:36:in `call'
actionpack (5.0.1) lib/action_dispatch/middleware/executor.rb:12:in `call'
actionpack (5.0.1) lib/action_dispatch/middleware/remote_ip.rb:79:in `call'
actionpack (5.0.1) lib/action_dispatch/middleware/debug_exceptions.rb:49:in `call'
web-console (3.4.0) lib/web_console/middleware.rb:135:in `call_app'
web-console (3.4.0) lib/web_console/middleware.rb:28:in `block in call'
web-console (3.4.0) lib/web_console/middleware.rb:18:in `catch'
web-console (3.4.0) lib/web_console/middleware.rb:18:in `call'
actionpack (5.0.1) lib/action_dispatch/middleware/show_exceptions.rb:31:in `call'
railties (5.0.1) lib/rails/rack/logger.rb:36:in `call_app'
railties (5.0.1) lib/rails/rack/logger.rb:24:in `block in call'
activesupport (5.0.1) lib/active_support/tagged_logging.rb:69:in `block in tagged'
activesupport (5.0.1) lib/active_support/tagged_logging.rb:26:in `tagged'
activesupport (5.0.1) lib/active_support/tagged_logging.rb:69:in `tagged'
railties (5.0.1) lib/rails/rack/logger.rb:24:in `call'
sprockets-rails (3.2.0) lib/sprockets/rails/quiet_assets.rb:13:in `call'
actionpack (5.0.1) lib/action_dispatch/middleware/request_id.rb:24:in `call'
rack (2.0.1) lib/rack/method_override.rb:22:in `call'
rack (2.0.1) lib/rack/runtime.rb:22:in `call'
activesupport (5.0.1) lib/active_support/cache/strategy/local_cache_middleware.rb:28:in `call'
actionpack (5.0.1) lib/action_dispatch/middleware/executor.rb:12:in `call'
actionpack (5.0.1) lib/action_dispatch/middleware/static.rb:136:in `call'
rack (2.0.1) lib/rack/sendfile.rb:111:in `call'
railties (5.0.1) lib/rails/engine.rb:522:in `call'
puma (3.7.0) lib/puma/configuration.rb:226:in `call'
puma (3.7.0) lib/puma/server.rb:578:in `handle_request'
puma (3.7.0) lib/puma/server.rb:415:in `process_client'
puma (3.7.0) lib/puma/server.rb:275:in `block in run'
puma (3.7.0) lib/puma/thread_pool.rb:120:in `block in spawn_thread'
  Rendering /usr/lib/ruby/gems/2.5.0/gems/actionpack-5.0.1/lib/action_dispatch/middleware/templates/rescues/diagnostics.html.erb within rescues/layout
  Rendering /usr/lib/ruby/gems/2.5.0/gems/actionpack-5.0.1/lib/action_dispatch/middleware/templates/rescues/_source.html.erb
  Rendered /usr/lib/ruby/gems/2.5.0/gems/actionpack-5.0.1/lib/action_dispatch/middleware/templates/rescues/_source.html.erb (1.6ms)
  Rendering /usr/lib/ruby/gems/2.5.0/gems/actionpack-5.0.1/lib/action_dispatch/middleware/templates/rescues/_trace.html.erb
  Rendered /usr/lib/ruby/gems/2.5.0/gems/actionpack-5.0.1/lib/action_dispatch/middleware/templates/rescues/_trace.html.erb (0.9ms)
  Rendering /usr/lib/ruby/gems/2.5.0/gems/actionpack-5.0.1/lib/action_dispatch/middleware/templates/rescues/_request_and_response.html.erb
  Rendered /usr/lib/ruby/gems/2.5.0/gems/actionpack-5.0.1/lib/action_dispatch/middleware/templates/rescues/_request_and_response.html.erb (0.5ms)
  Rendered /usr/lib/ruby/gems/2.5.0/gems/actionpack-5.0.1/lib/action_dispatch/middleware/templates/rescues/diagnostics.html.erb within rescues/layout (17.3ms)
  [1m[35m (39.7ms)[0m  [1m[35mCREATE TABLE "schema_migrations" ("version" character varying PRIMARY KEY)[0m
  [1m[35m (37.3ms)[0m  [1m[35mCREATE TABLE "ar_internal_metadata" ("key" character varying PRIMARY KEY, "value" character varying, "created_at" timestamp NOT NULL, "updated_at" timestamp NOT NULL)[0m
  [1m[35m (0.4ms)[0m  [1m[34mSELECT pg_try_advisory_lock(5523744126443333700);[0m
  [1m[36mActiveRecord::SchemaMigration Load (0.8ms)[0m  [1m[34mSELECT "schema_migrations".* FROM "schema_migrations"[0m
Migrating to CreateCkeditorAssets (20170213105735)
  [1m[35m (0.3ms)[0m  [1m[35mBEGIN[0m
DEPRECATION WARNING: Directly inheriting from ActiveRecord::Migration is deprecated. Please specify the Rails release the migration was written for:

  class CreateCkeditorAssets < ActiveRecord::Migration[4.2] (called from require at /home/baquara/Ãrea de trabalho/book store/craigslist/bin/rails:9)
  [1m[35m (34.2ms)[0m  [1m[35mCREATE TABLE "ckeditor_assets" ("id" serial primary key, "data_file_name" character varying NOT NULL, "data_content_type" character varying, "data_file_size" integer, "type" character varying(30), "width" integer, "height" integer, "created_at" timestamp NOT NULL, "updated_at" timestamp NOT NULL)[0m
  [1m[35m (11.8ms)[0m  [1m[35mCREATE  INDEX  "index_ckeditor_assets_on_type" ON "ckeditor_assets"  ("type")[0m
  [1m[35mSQL (1.1ms)[0m  [1m[32mINSERT INTO "schema_migrations" ("version") VALUES ($1) RETURNING "version"[0m  [["version", "20170213105735"]]
  [1m[35m (4.7ms)[0m  [1m[35mCOMMIT[0m
Migrating to CreatePosts (20170213150042)
  [1m[35m (0.3ms)[0m  [1m[35mBEGIN[0m
  [1m[35m (39.1ms)[0m  [1m[35mCREATE TABLE "posts" ("id" serial primary key, "title" character varying, "body" text, "cost" decimal, "category_id" integer, "user_id" integer, "latitude" float, "longitude" float, "address" character varying, "created_at" timestamp NOT NULL, "updated_at" timestamp NOT NULL)[0m
  [1m[35m (12.6ms)[0m  [1m[35mCREATE  INDEX  "index_posts_on_category_id" ON "posts"  ("category_id")[0m
  [1m[35m (12.5ms)[0m  [1m[35mCREATE  INDEX  "index_posts_on_user_id" ON "posts"  ("user_id")[0m
  [1m[35mSQL (0.6ms)[0m  [1m[32mINSERT INTO "schema_migrations" ("version") VALUES ($1) RETURNING "version"[0m  [["version", "20170213150042"]]
  [1m[35m (4.1ms)[0m  [1m[35mCOMMIT[0m
Migrating to CreateCategories (20170213165249)
  [1m[35m (0.4ms)[0m  [1m[35mBEGIN[0m
  [1m[35m (30.4ms)[0m  [1m[35mCREATE TABLE "categories" ("id" serial primary key, "category" character varying, "created_at" timestamp NOT NULL, "updated_at" timestamp NOT NULL)[0m
  [1m[35mSQL (0.6ms)[0m  [1m[32mINSERT INTO "schema_migrations" ("version") VALUES ($1) RETURNING "version"[0m  [["version", "20170213165249"]]
  [1m[35m (3.3ms)[0m  [1m[35mCOMMIT[0m
Migrating to CreateUsers (20170213170120)
  [1m[35m (0.4ms)[0m  [1m[35mBEGIN[0m
  [1m[35m (31.2ms)[0m  [1m[35mCREATE TABLE "users" ("id" serial primary key, "username" character varying(50) NOT NULL, "email" character varying NOT NULL, "password_digest" character varying NOT NULL, "created_at" timestamp NOT NULL, "updated_at" timestamp NOT NULL)[0m
  [1m[35m (12.0ms)[0m  [1m[35mCREATE  INDEX  "index_users_on_username" ON "users"  ("username" DESC)[0m
  [1m[35mSQL (0.6ms)[0m  [1m[32mINSERT INTO "schema_migrations" ("version") VALUES ($1) RETURNING "version"[0m  [["version", "20170213170120"]]
  [1m[35m (4.1ms)[0m  [1m[35mCOMMIT[0m
Migrating to AddAttachmentImageToPosts (20170418021233)
  [1m[35m (0.4ms)[0m  [1m[35mBEGIN[0m
DEPRECATION WARNING: Directly inheriting from ActiveRecord::Migration is deprecated. Please specify the Rails release the migration was written for:

  class AddAttachmentImageToPosts < ActiveRecord::Migration[4.2] (called from require at /home/baquara/Ãrea de trabalho/book store/craigslist/bin/rails:9)
  [1m[35m (0.7ms)[0m  [1m[35mALTER TABLE "posts" ADD "image_file_name" character varying[0m
  [1m[35m (0.6ms)[0m  [1m[35mALTER TABLE "posts" ADD "image_content_type" character varying[0m
  [1m[35m (0.6ms)[0m  [1m[35mALTER TABLE "posts" ADD "image_file_size" integer[0m
  [1m[35m (0.6ms)[0m  [1m[35mALTER TABLE "posts" ADD "image_updated_at" timestamp[0m
  [1m[35mSQL (0.5ms)[0m  [1m[32mINSERT INTO "schema_migrations" ("version") VALUES ($1) RETURNING "version"[0m  [["version", "20170418021233"]]
  [1m[35m (1.4ms)[0m  [1m[35mCOMMIT[0m
  [1m[36mActiveRecord::InternalMetadata Load (0.7ms)[0m  [1m[34mSELECT  "ar_internal_metadata".* FROM "ar_internal_metadata" WHERE "ar_internal_metadata"."key" = $1 LIMIT $2[0m  [["key", :environment], ["LIMIT", 1]]
  [1m[35m (0.3ms)[0m  [1m[35mBEGIN[0m
  [1m[35mSQL (0.8ms)[0m  [1m[32mINSERT INTO "ar_internal_metadata" ("key", "value", "created_at", "updated_at") VALUES ($1, $2, $3, $4) RETURNING "key"[0m  [["key", "environment"], ["value", "development"], ["created_at", 2018-07-29 19:56:19 UTC], ["updated_at", 2018-07-29 19:56:19 UTC]]
  [1m[35m (1.2ms)[0m  [1m[35mCOMMIT[0m
  [1m[35m (0.4ms)[0m  [1m[34mSELECT pg_advisory_unlock(5523744126443333700)[0m
  [1m[36mActiveRecord::SchemaMigration Load (0.4ms)[0m  [1m[34mSELECT "schema_migrations".* FROM "schema_migrations"[0m
Started GET "/" for 127.0.0.1 at 2018-07-29 16:56:26 -0300
  [1m[36mActiveRecord::SchemaMigration Load (0.3ms)[0m  [1m[34mSELECT "schema_migrations".* FROM "schema_migrations"[0m
Processing by WelcomeController#index as HTML
  Rendering welcome/index.html.erb within layouts/application
  Rendered welcome/index.html.erb within layouts/application (0.8ms)
  [1m[36mUser Load (0.4ms)[0m  [1m[34mSELECT  "users".* FROM "users" WHERE "users"."id" IS NULL LIMIT $1[0m  [["LIMIT", 1]]
  Rendered layouts/_navigation.html.erb (10.2ms)
Completed 200 OK in 5481ms (Views: 5478.9ms | ActiveRecord: 1.7ms)


Started GET "/users/new" for 127.0.0.1 at 2018-07-29 16:58:52 -0300
Processing by UsersController#new as HTML
  Rendering users/new.html.erb within layouts/application
  Rendered users/_form.html.erb (35.2ms)
  Rendered users/new.html.erb within layouts/application (36.0ms)
  [1m[36mUser Load (0.4ms)[0m  [1m[34mSELECT  "users".* FROM "users" WHERE "users"."id" IS NULL LIMIT $1[0m  [["LIMIT", 1]]
  Rendered layouts/_navigation.html.erb (2.1ms)
Completed 200 OK in 116ms (Views: 108.3ms | ActiveRecord: 2.7ms)


Started POST "/users" for 127.0.0.1 at 2018-07-29 16:59:13 -0300
Processing by UsersController#create as HTML
  Parameters: {"utf8"=>"âœ“", "authenticity_token"=>"EzzfOzHE6wTqNcqxRi2LqkIQGM4LZRQr+43X9Hnlcq7xDAsFx6Rj8+3pjfn0BmDlll0gFkPB9KPr+sh7B2P3UQ==", "user"=>{"username"=>"novouser", "email"=>"novo@user.com", "password"=>"[FILTERED]"}, "commit"=>"Submit"}
  [1m[35m (0.2ms)[0m  [1m[35mBEGIN[0m
  [1m[36mUser Exists (0.4ms)[0m  [1m[34mSELECT  1 AS one FROM "users" WHERE "users"."username" = $1 LIMIT $2[0m  [["username", "novouser"], ["LIMIT", 1]]
  [1m[35m (0.1ms)[0m  [1m[31mROLLBACK[0m
  Rendering users/new.html.erb within layouts/application
  Rendered users/_form.html.erb (3.5ms)
  Rendered users/new.html.erb within layouts/application (4.3ms)
  [1m[36mUser Load (0.3ms)[0m  [1m[34mSELECT  "users".* FROM "users" WHERE "users"."id" IS NULL LIMIT $1[0m  [["LIMIT", 1]]
  Rendered layouts/_navigation.html.erb (1.7ms)
Completed 200 OK in 176ms (Views: 84.8ms | ActiveRecord: 1.0ms)


Started POST "/users" for 127.0.0.1 at 2018-07-29 16:59:24 -0300
Processing by UsersController#create as HTML
  Parameters: {"utf8"=>"âœ“", "authenticity_token"=>"MiQ1EpznxzmGh7kwqb9sTeutZLZzKOdN/mOZ1vWLUAfQFOEsaodPzoFb/ngblIcCP+BcbjuMB8XuFIZZiw3V+A==", "user"=>{"username"=>"novouser", "email"=>"novo@user.com", "password"=>"[FILTERED]"}, "commit"=>"Submit"}
  [1m[35m (0.1ms)[0m  [1m[35mBEGIN[0m
  [1m[36mUser Exists (0.8ms)[0m  [1m[34mSELECT  1 AS one FROM "users" WHERE "users"."username" = $1 LIMIT $2[0m  [["username", "novouser"], ["LIMIT", 1]]
  [1m[35mSQL (0.7ms)[0m  [1m[32mINSERT INTO "users" ("username", "email", "password_digest", "created_at", "updated_at") VALUES ($1, $2, $3, $4, $5) RETURNING "id"[0m  [["username", "novouser"], ["email", "novo@user.com"], ["password_digest", "$2a$10$t9rmlinD1nVxUuXSEzK.VeYAi76pG./90/tAz8yFL1/3Ml.Hzbx46"], ["created_at", 2018-07-29 19:59:24 UTC], ["updated_at", 2018-07-29 19:59:24 UTC]]
  [1m[35m (2.2ms)[0m  [1m[35mCOMMIT[0m
Redirected to http://0.0.0.0:3000/users/1
Completed 302 Found in 77ms (ActiveRecord: 3.7ms)


Started GET "/users/1" for 127.0.0.1 at 2018-07-29 16:59:24 -0300
Processing by UsersController#show as HTML
  Parameters: {"id"=>"1"}
  [1m[36mUser Load (0.3ms)[0m  [1m[34mSELECT  "users".* FROM "users" WHERE "users"."id" = $1 LIMIT $2[0m  [["id", 1], ["LIMIT", 1]]
  Rendering users/show.html.erb within layouts/application
  Rendered users/show.html.erb within layouts/application (0.8ms)
  [1m[36mUser Load (0.2ms)[0m  [1m[34mSELECT  "users".* FROM "users" WHERE "users"."id" IS NULL LIMIT $1[0m  [["LIMIT", 1]]
  Rendered layouts/_navigation.html.erb (1.4ms)
Completed 200 OK in 79ms (Views: 69.9ms | ActiveRecord: 0.8ms)


Started GET "/posts" for 127.0.0.1 at 2018-07-29 17:03:18 -0300
Processing by PostsController#index as HTML
  Rendering posts/index.html.erb within layouts/application
  [1m[36mPost Load (0.5ms)[0m  [1m[34mSELECT "posts".* FROM "posts"[0m
  Rendered posts/index.html.erb within layouts/application (8.7ms)
  [1m[36mUser Load (0.5ms)[0m  [1m[34mSELECT  "users".* FROM "users" WHERE "users"."id" IS NULL LIMIT $1[0m  [["LIMIT", 1]]
  Rendered layouts/_navigation.html.erb (1.7ms)
Completed 200 OK in 77ms (Views: 60.4ms | ActiveRecord: 2.6ms)


Started GET "/categories" for 127.0.0.1 at 2018-07-29 17:03:23 -0300
Processing by CategoriesController#index as HTML
  Rendering categories/index.html.erb within layouts/application
  [1m[36mCategory Load (0.3ms)[0m  [1m[34mSELECT "categories".* FROM "categories"[0m
  Rendered categories/index.html.erb within layouts/application (3.2ms)
  [1m[36mUser Load (0.5ms)[0m  [1m[34mSELECT  "users".* FROM "users" WHERE "users"."id" IS NULL LIMIT $1[0m  [["LIMIT", 1]]
  Rendered layouts/_navigation.html.erb (1.7ms)
Completed 200 OK in 62ms (Views: 59.0ms | ActiveRecord: 2.3ms)


Started GET "/posts" for 127.0.0.1 at 2018-07-29 17:03:24 -0300
Processing by PostsController#index as HTML
  Rendering posts/index.html.erb within layouts/application
  [1m[36mPost Load (0.4ms)[0m  [1m[34mSELECT "posts".* FROM "posts"[0m
  Rendered posts/index.html.erb within layouts/application (1.6ms)
  [1m[36mUser Load (0.4ms)[0m  [1m[34mSELECT  "users".* FROM "users" WHERE "users"."id" IS NULL LIMIT $1[0m  [["LIMIT", 1]]
  Rendered layouts/_navigation.html.erb (1.6ms)
Completed 200 OK in 59ms (Views: 57.7ms | ActiveRecord: 0.8ms)


Started GET "/session/login" for 127.0.0.1 at 2018-07-29 17:03:30 -0300
Processing by SessionController#login as HTML
  Rendering session/login.erb within layouts/application
  Rendered session/login.erb within layouts/application (1.4ms)
  [1m[36mUser Load (1.0ms)[0m  [1m[34mSELECT  "users".* FROM "users" WHERE "users"."id" IS NULL LIMIT $1[0m  [["LIMIT", 1]]
  Rendered layouts/_navigation.html.erb (3.5ms)
Completed 200 OK in 70ms (Views: 67.9ms | ActiveRecord: 1.0ms)


Started POST "/session/login" for 127.0.0.1 at 2018-07-29 17:03:37 -0300
Processing by SessionController#create as HTML
  Parameters: {"utf8"=>"âœ“", "authenticity_token"=>"J5geJeVK8z4WZ27kJw4e6RsNjukXUv5ltei2V92vadLFqMobEyp7yRG7KayVJfWmz0C2MV/2Hu2ln6nYoynsLQ==", "session"=>{"username"=>"novouser", "password"=>"[FILTERED]"}, "commit"=>"Login"}
  [1m[36mUser Load (0.3ms)[0m  [1m[34mSELECT  "users".* FROM "users" WHERE "users"."username" = $1 LIMIT $2[0m  [["username", "novouser"], ["LIMIT", 1]]
Redirected to http://0.0.0.0:3000/posts
Completed 302 Found in 72ms (ActiveRecord: 0.5ms)


Started GET "/posts" for 127.0.0.1 at 2018-07-29 17:03:37 -0300
Processing by PostsController#index as HTML
  Rendering posts/index.html.erb within layouts/application
  [1m[36mPost Load (0.3ms)[0m  [1m[34mSELECT "posts".* FROM "posts"[0m
  Rendered posts/index.html.erb within layouts/application (1.4ms)
  [1m[36mUser Load (0.2ms)[0m  [1m[34mSELECT  "users".* FROM "users" WHERE "users"."id" = $1 LIMIT $2[0m  [["id", 1], ["LIMIT", 1]]
  Rendered layouts/_navigation.html.erb (2.0ms)
Completed 200 OK in 61ms (Views: 60.0ms | ActiveRecord: 0.4ms)


Started GET "/posts/new" for 127.0.0.1 at 2018-07-29 17:03:41 -0300
Processing by PostsController#new as HTML
  [1m[36mUser Load (0.2ms)[0m  [1m[34mSELECT  "users".* FROM "users" WHERE "users"."id" = $1 LIMIT $2[0m  [["id", 1], ["LIMIT", 1]]
  Rendering posts/new.html.erb within layouts/application
  [1m[36mCategory Load (0.3ms)[0m  [1m[34mSELECT "categories".* FROM "categories"[0m
  Rendered posts/_form.html.erb (13.4ms)
  Rendered posts/new.html.erb within layouts/application (14.1ms)
  Rendered layouts/_navigation.html.erb (0.7ms)
Completed 200 OK in 84ms (Views: 71.9ms | ActiveRecord: 3.1ms)


Started GET "/posts" for 127.0.0.1 at 2018-07-29 17:03:44 -0300
Processing by PostsController#index as HTML
  Rendering posts/index.html.erb within layouts/application
  [1m[36mPost Load (0.4ms)[0m  [1m[34mSELECT "posts".* FROM "posts"[0m
  Rendered posts/index.html.erb within layouts/application (2.1ms)
  [1m[36mUser Load (0.2ms)[0m  [1m[34mSELECT  "users".* FROM "users" WHERE "users"."id" = $1 LIMIT $2[0m  [["id", 1], ["LIMIT", 1]]
  Rendered layouts/_navigation.html.erb (1.9ms)
Completed 200 OK in 68ms (Views: 66.6ms | ActiveRecord: 0.6ms)


Started GET "/categories" for 127.0.0.1 at 2018-07-29 17:06:10 -0300
Processing by CategoriesController#index as HTML
  Rendering categories/index.html.erb within layouts/application
  [1m[36mCategory Load (0.5ms)[0m  [1m[34mSELECT "categories".* FROM "categories"[0m
  Rendered categories/index.html.erb within layouts/application (6.8ms)
  [1m[36mUser Load (0.2ms)[0m  [1m[34mSELECT  "users".* FROM "users" WHERE "users"."id" = $1 LIMIT $2[0m  [["id", 1], ["LIMIT", 1]]
  Rendered layouts/_navigation.html.erb (1.6ms)
Completed 200 OK in 73ms (Views: 69.6ms | ActiveRecord: 3.0ms)


Started GET "/categories/1" for 127.0.0.1 at 2018-07-29 17:06:12 -0300
Processing by CategoriesController#show as HTML
  Parameters: {"id"=>"1"}
  [1m[36mCategory Load (0.2ms)[0m  [1m[34mSELECT  "categories".* FROM "categories" WHERE "categories"."id" = $1 LIMIT $2[0m  [["id", 1], ["LIMIT", 1]]
  Rendering categories/show.html.erb within layouts/application
  [1m[36mPost Load (0.5ms)[0m  [1m[34mSELECT "posts".* FROM "posts" WHERE "posts"."category_id" = $1[0m  [["category_id", 1]]
  Rendered categories/show.html.erb within layouts/application (29.6ms)
  [1m[36mUser Load (0.3ms)[0m  [1m[34mSELECT  "users".* FROM "users" WHERE "users"."id" = $1 LIMIT $2[0m  [["id", 1], ["LIMIT", 1]]
  Rendered layouts/_navigation.html.erb (1.4ms)
Completed 200 OK in 93ms (Views: 90.5ms | ActiveRecord: 1.0ms)


Started GET "/posts" for 127.0.0.1 at 2018-07-29 17:06:14 -0300
Processing by PostsController#index as HTML
  Rendering posts/index.html.erb within layouts/application
  [1m[36mPost Load (0.2ms)[0m  [1m[34mSELECT "posts".* FROM "posts"[0m
  Rendered posts/index.html.erb within layouts/application (1.4ms)
  [1m[36mUser Load (0.2ms)[0m  [1m[34mSELECT  "users".* FROM "users" WHERE "users"."id" = $1 LIMIT $2[0m  [["id", 1], ["LIMIT", 1]]
  Rendered layouts/_navigation.html.erb (1.4ms)
Completed 200 OK in 61ms (Views: 59.7ms | ActiveRecord: 0.4ms)


Started GET "/posts" for 127.0.0.1 at 2018-07-29 17:06:41 -0300
Processing by PostsController#index as HTML
  Rendering posts/index.html.erb within layouts/application
  [1m[36mPost Load (0.5ms)[0m  [1m[34mSELECT "posts".* FROM "posts"[0m
  Rendered posts/index.html.erb within layouts/application (2.3ms)
  [1m[36mUser Load (0.3ms)[0m  [1m[34mSELECT  "users".* FROM "users" WHERE "users"."id" = $1 LIMIT $2[0m  [["id", 1], ["LIMIT", 1]]
  Rendered layouts/_navigation.html.erb (1.4ms)
Completed 200 OK in 60ms (Views: 58.7ms | ActiveRecord: 0.8ms)


Started GET "/posts/new" for 127.0.0.1 at 2018-07-29 17:06:44 -0300
Processing by PostsController#new as HTML
  [1m[36mUser Load (0.2ms)[0m  [1m[34mSELECT  "users".* FROM "users" WHERE "users"."id" = $1 LIMIT $2[0m  [["id", 1], ["LIMIT", 1]]
  Rendering posts/new.html.erb within layouts/application
  [1m[36mCategory Load (0.4ms)[0m  [1m[34mSELECT "categories".* FROM "categories"[0m
  Rendered posts/_form.html.erb (6.4ms)
  Rendered posts/new.html.erb within layouts/application (7.1ms)
  Rendered layouts/_navigation.html.erb (0.7ms)
Completed 200 OK in 63ms (Views: 61.2ms | ActiveRecord: 0.6ms)


Started POST "/posts" for 127.0.0.1 at 2018-07-29 17:07:44 -0300
Processing by PostsController#create as HTML
  Parameters: {"utf8"=>"âœ“", "authenticity_token"=>"jggwFvyn+bJkoXhJe4msIOetdPCnBXjxraOLRDkleXNsOOQoCsdxRWN9PwHJokdvM+BMKO+hmHm91JTLR6P8jA==", "post"=>{"title"=>"livro", "cost"=>"1", "image"=>#<ActionDispatch::Http::UploadedFile:0x00007fba5b441d40 @tempfile=#<Tempfile:/tmp/RackMultipart20180729-3221-pfg3rp.jpg>, @original_filename="Book-of-the-Month-Feb-2018-Featured_mini.jpg", @content_type="image/jpeg", @headers="Content-Disposition: form-data; name=\"post[image]\"; filename=\"Book-of-the-Month-Feb-2018-Featured_mini.jpg\"\r\nContent-Type: image/jpeg\r\n">, "category_id"=>"1", "address"=>"ufba", "body"=>"<p>asdad asdf asdfasfsa</p>\r\n\r\n<p>f</p>\r\n\r\n<p>asdf</p>\r\n\r\n<p>&nbsp;asfasdfads</p>\r\n\r\n<p>fa</p>\r\n\r\n<p>sfas</p>\r\n\r\n<p>f</p>\r\n\r\n<p>asf</p>\r\n\r\n<p>asf</p>\r\n\r\n<p>asdf</p>\r\n\r\n<p>ds</p>\r\n"}, "commit"=>"Create Post"}
  [1m[36mUser Load (0.2ms)[0m  [1m[34mSELECT  "users".* FROM "users" WHERE "users"."id" = $1 LIMIT $2[0m  [["id", 1], ["LIMIT", 1]]
Command :: file -b --mime '/tmp/9a5afb958b673eedc2fe7ec3a0c7a34620180729-3221-nd3hgp.jpg'
Command :: identify -format '%wx%h,%[exif:orientation]' '/tmp/9a5afb958b673eedc2fe7ec3a0c7a34620180729-3221-ipx2ze.jpg[0]' 2>/dev/null
Command :: identify -format %m '/tmp/9a5afb958b673eedc2fe7ec3a0c7a34620180729-3221-ipx2ze.jpg[0]'
Command :: convert '/tmp/9a5afb958b673eedc2fe7ec3a0c7a34620180729-3221-ipx2ze.jpg[0]' -auto-orient -resize "300x300>" '/tmp/cd2f1d22d5fa96962571775d6467277d20180729-3221-ud0nw6'
Command :: identify -format '%wx%h,%[exif:orientation]' '/tmp/9a5afb958b673eedc2fe7ec3a0c7a34620180729-3221-ipx2ze.jpg[0]' 2>/dev/null
Command :: identify -format %m '/tmp/9a5afb958b673eedc2fe7ec3a0c7a34620180729-3221-ipx2ze.jpg[0]'
Command :: convert '/tmp/9a5afb958b673eedc2fe7ec3a0c7a34620180729-3221-ipx2ze.jpg[0]' -auto-orient -resize "100x100>" '/tmp/cd2f1d22d5fa96962571775d6467277d20180729-3221-11h5p3r'
  [1m[35m (0.1ms)[0m  [1m[35mBEGIN[0m
Command :: file -b --mime '/tmp/9a5afb958b673eedc2fe7ec3a0c7a34620180729-3221-hizoqt.jpg'
  [1m[36mCategory Load (0.3ms)[0m  [1m[34mSELECT  "categories".* FROM "categories" WHERE "categories"."id" = $1 LIMIT $2[0m  [["id", 1], ["LIMIT", 1]]
  [1m[35mSQL (3.2ms)[0m  [1m[32mINSERT INTO "posts" ("title", "body", "cost", "category_id", "user_id", "latitude", "longitude", "address", "created_at", "updated_at", "image_file_name", "image_content_type", "image_file_size", "image_updated_at") VALUES ($1, $2, $3, $4, $5, $6, $7, $8, $9, $10, $11, $12, $13, $14) RETURNING "id"[0m  [["title", "livro"], ["body", "<p>asdad asdf asdfasfsa</p>\r\n\r\n<p>f</p>\r\n\r\n<p>asdf</p>\r\n\r\n<p>&nbsp;asfasdfads</p>\r\n\r\n<p>fa</p>\r\n\r\n<p>sfas</p>\r\n\r\n<p>f</p>\r\n\r\n<p>asf</p>\r\n\r\n<p>asf</p>\r\n\r\n<p>asdf</p>\r\n\r\n<p>ds</p>\r\n"], ["cost", 0.1e1], ["category_id", 1], ["user_id", 1], ["latitude", -12.994205], ["longitude", -38.518468], ["address", "ufba"], ["created_at", 2018-07-29 20:07:45 UTC], ["updated_at", 2018-07-29 20:07:45 UTC], ["image_file_name", "Book-of-the-Month-Feb-2018-Featured_mini.jpg"], ["image_content_type", "image/jpeg"], ["image_file_size", 37958], ["image_updated_at", 2018-07-29 20:07:44 UTC]]
  [1m[35m (1.2ms)[0m  [1m[35mCOMMIT[0m
Redirected to http://0.0.0.0:3000/posts.1
Completed 302 Found in 1029ms (ActiveRecord: 5.0ms)


Started GET "/posts.1" for 127.0.0.1 at 2018-07-29 17:07:46 -0300
Processing by PostsController#index as 
  Rendering posts/index.html.erb within layouts/application
  [1m[36mPost Load (0.3ms)[0m  [1m[34mSELECT "posts".* FROM "posts"[0m
  [1m[36mUser Load (0.3ms)[0m  [1m[34mSELECT  "users".* FROM "users" WHERE "users"."id" = $1 LIMIT $2[0m  [["id", 1], ["LIMIT", 1]]
  Rendered posts/index.html.erb within layouts/application (7.3ms)
  Rendered layouts/_navigation.html.erb (0.6ms)
Completed 200 OK in 71ms (Views: 67.8ms | ActiveRecord: 0.6ms)


Started GET "/posts/1" for 127.0.0.1 at 2018-07-29 17:08:08 -0300
Processing by PostsController#show as HTML
  Parameters: {"id"=>"1"}
  [1m[36mPost Load (0.2ms)[0m  [1m[34mSELECT  "posts".* FROM "posts" WHERE "posts"."id" = $1 LIMIT $2[0m  [["id", 1], ["LIMIT", 1]]
  Rendering posts/show.html.erb within layouts/application
  Rendered posts/show.html.erb within layouts/application (1.7ms)
  [1m[36mUser Load (0.5ms)[0m  [1m[34mSELECT  "users".* FROM "users" WHERE "users"."id" = $1 LIMIT $2[0m  [["id", 1], ["LIMIT", 1]]
  Rendered layouts/_navigation.html.erb (1.7ms)
Completed 200 OK in 59ms (Views: 56.9ms | ActiveRecord: 0.6ms)


Started GET "/" for 127.0.0.1 at 2018-07-29 17:20:20 -0300
Processing by WelcomeController#index as HTML
  Rendering welcome/index.html.erb within layouts/application
  Rendered welcome/index.html.erb within layouts/application (0.4ms)
  [1m[36mUser Load (0.5ms)[0m  [1m[34mSELECT  "users".* FROM "users" WHERE "users"."id" = $1 LIMIT $2[0m  [["id", 1], ["LIMIT", 1]]
  Rendered layouts/_navigation.html.erb (1.5ms)
Completed 200 OK in 64ms (Views: 62.3ms | ActiveRecord: 0.5ms)


Started GET "/posts" for 127.0.0.1 at 2018-07-29 17:29:22 -0300
Processing by PostsController#index as HTML
  Rendering posts/index.html.erb within layouts/application
  [1m[36mPost Load (0.3ms)[0m  [1m[34mSELECT "posts".* FROM "posts"[0m
  [1m[36mUser Load (0.2ms)[0m  [1m[34mSELECT  "users".* FROM "users" WHERE "users"."id" = $1 LIMIT $2[0m  [["id", 1], ["LIMIT", 1]]
  Rendered posts/index.html.erb within layouts/application (3.7ms)
  Rendered layouts/_navigation.html.erb (0.6ms)
Completed 200 OK in 67ms (Views: 66.3ms | ActiveRecord: 0.5ms)


Started GET "/users/1" for 127.0.0.1 at 2018-07-29 17:29:49 -0300
Processing by UsersController#show as HTML
  Parameters: {"id"=>"1"}
  [1m[36mUser Load (0.3ms)[0m  [1m[34mSELECT  "users".* FROM "users" WHERE "users"."id" = $1 LIMIT $2[0m  [["id", 1], ["LIMIT", 1]]
  Rendering users/show.html.erb within layouts/application
  Rendered users/show.html.erb within layouts/application (0.7ms)
  [1m[36mUser Load (0.4ms)[0m  [1m[34mSELECT  "users".* FROM "users" WHERE "users"."id" = $1 LIMIT $2[0m  [["id", 1], ["LIMIT", 1]]
  Rendered layouts/_navigation.html.erb (1.5ms)
Completed 200 OK in 59ms (Views: 56.9ms | ActiveRecord: 0.7ms)


Started GET "/users/1/edit" for 127.0.0.1 at 2018-07-29 17:29:50 -0300
Processing by UsersController#edit as HTML
  Parameters: {"id"=>"1"}
  [1m[36mUser Load (0.2ms)[0m  [1m[34mSELECT  "users".* FROM "users" WHERE "users"."id" = $1 LIMIT $2[0m  [["id", 1], ["LIMIT", 1]]
  Rendering users/edit.html.erb within layouts/application
  Rendered users/_form.html.erb (2.9ms)
  Rendered users/edit.html.erb within layouts/application (3.7ms)
  [1m[36mUser Load (0.2ms)[0m  [1m[34mSELECT  "users".* FROM "users" WHERE "users"."id" = $1 LIMIT $2[0m  [["id", 1], ["LIMIT", 1]]
  Rendered layouts/_navigation.html.erb (1.5ms)
Completed 200 OK in 66ms (Views: 64.7ms | ActiveRecord: 0.4ms)


Started GET "/posts" for 127.0.0.1 at 2018-07-29 17:29:53 -0300
Processing by PostsController#index as HTML
  Rendering posts/index.html.erb within layouts/application
  [1m[36mPost Load (0.3ms)[0m  [1m[34mSELECT "posts".* FROM "posts"[0m
  [1m[36mUser Load (0.2ms)[0m  [1m[34mSELECT  "users".* FROM "users" WHERE "users"."id" = $1 LIMIT $2[0m  [["id", 1], ["LIMIT", 1]]
  Rendered posts/index.html.erb within layouts/application (3.2ms)
  Rendered layouts/_navigation.html.erb (0.7ms)
Completed 200 OK in 60ms (Views: 58.5ms | ActiveRecord: 0.5ms)


Started GET "/categories" for 127.0.0.1 at 2018-07-29 17:29:56 -0300
Processing by CategoriesController#index as HTML
  Rendering categories/index.html.erb within layouts/application
  [1m[36mCategory Load (0.2ms)[0m  [1m[34mSELECT "categories".* FROM "categories"[0m
  Rendered categories/index.html.erb within layouts/application (1.2ms)
  [1m[36mUser Load (0.2ms)[0m  [1m[34mSELECT  "users".* FROM "users" WHERE "users"."id" = $1 LIMIT $2[0m  [["id", 1], ["LIMIT", 1]]
  Rendered layouts/_navigation.html.erb (1.2ms)
Completed 200 OK in 58ms (Views: 56.5ms | ActiveRecord: 0.4ms)


Started GET "/" for 127.0.0.1 at 2018-07-30 13:25:32 -0300
Processing by WelcomeController#index as HTML
  Rendering welcome/index.html.erb within layouts/application
  Rendered welcome/index.html.erb within layouts/application (0.5ms)
  [1m[36mUser Load (0.4ms)[0m  [1m[34mSELECT  "users".* FROM "users" WHERE "users"."id" = $1 LIMIT $2[0m  [["id", 1], ["LIMIT", 1]]
  Rendered layouts/_navigation.html.erb (1.4ms)
Completed 200 OK in 71ms (Views: 68.7ms | ActiveRecord: 0.4ms)


Started GET "/posts" for 127.0.0.1 at 2018-07-30 13:25:35 -0300
Processing by PostsController#index as HTML
  Rendering posts/index.html.erb within layouts/application
  [1m[36mPost Load (0.3ms)[0m  [1m[34mSELECT "posts".* FROM "posts"[0m
  [1m[36mUser Load (0.3ms)[0m  [1m[34mSELECT  "users".* FROM "users" WHERE "users"."id" = $1 LIMIT $2[0m  [["id", 1], ["LIMIT", 1]]
  Rendered posts/index.html.erb within layouts/application (4.0ms)
  Rendered layouts/_navigation.html.erb (1.0ms)
Completed 200 OK in 60ms (Views: 58.4ms | ActiveRecord: 0.5ms)


Started GET "/posts" for 127.0.0.1 at 2018-07-30 15:33:03 -0300
  [1m[36mActiveRecord::SchemaMigration Load (6.1ms)[0m  [1m[34mSELECT "schema_migrations".* FROM "schema_migrations"[0m
Processing by PostsController#index as HTML
  Rendering posts/index.html.erb within layouts/application
  [1m[36mPost Load (9.0ms)[0m  [1m[34mSELECT "posts".* FROM "posts"[0m
  [1m[36mUser Load (6.2ms)[0m  [1m[34mSELECT  "users".* FROM "users" WHERE "users"."id" IS NULL LIMIT $1[0m  [["LIMIT", 1]]
  Rendered posts/index.html.erb within layouts/application (214.9ms)
  [1m[36mUser Load (0.5ms)[0m  [1m[34mSELECT  "users".* FROM "users" WHERE "users"."id" IS NULL LIMIT $1[0m  [["LIMIT", 1]]
  Rendered layouts/_navigation.html.erb (2.6ms)
Completed 200 OK in 1683ms (Views: 1585.7ms | ActiveRecord: 42.3ms)


Started GET "/" for 127.0.0.1 at 2018-07-30 15:33:17 -0300
Processing by WelcomeController#index as HTML
  Rendering welcome/index.html.erb within layouts/application
  Rendered welcome/index.html.erb within layouts/application (2.1ms)
  [1m[36mUser Load (1.6ms)[0m  [1m[34mSELECT  "users".* FROM "users" WHERE "users"."id" IS NULL LIMIT $1[0m  [["LIMIT", 1]]
  Rendered layouts/_navigation.html.erb (6.5ms)
Completed 200 OK in 369ms (Views: 362.6ms | ActiveRecord: 1.6ms)


Started GET "/posts" for 127.0.0.1 at 2018-07-30 15:33:24 -0300
Processing by PostsController#index as HTML
  Rendering posts/index.html.erb within layouts/application
  [1m[36mPost Load (1.7ms)[0m  [1m[34mSELECT "posts".* FROM "posts"[0m
  [1m[36mUser Load (1.8ms)[0m  [1m[34mSELECT  "users".* FROM "users" WHERE "users"."id" IS NULL LIMIT $1[0m  [["LIMIT", 1]]
  Rendered posts/index.html.erb within layouts/application (14.7ms)
  [1m[36mCACHE (0.0ms)[0m  [1m[34mSELECT  "users".* FROM "users" WHERE "users"."id" IS NULL LIMIT $1[0m  [["LIMIT", 1]]
  Rendered layouts/_navigation.html.erb (1.7ms)
Completed 200 OK in 165ms (Views: 159.5ms | ActiveRecord: 3.5ms)


Started GET "/session/login" for 127.0.0.1 at 2018-07-30 15:33:30 -0300
Processing by SessionController#login as HTML
  Rendering session/login.erb within layouts/application
  Rendered session/login.erb within layouts/application (8.9ms)
  [1m[36mUser Load (0.7ms)[0m  [1m[34mSELECT  "users".* FROM "users" WHERE "users"."id" IS NULL LIMIT $1[0m  [["LIMIT", 1]]
  Rendered layouts/_navigation.html.erb (3.2ms)
Completed 200 OK in 115ms (Views: 113.2ms | ActiveRecord: 0.7ms)


Started POST "/session/login" for 127.0.0.1 at 2018-07-30 15:33:40 -0300
Processing by SessionController#create as HTML
  Parameters: {"utf8"=>"âœ“", "authenticity_token"=>"eODT+zPiijZV5nNWoAOXqz9cU1B83XUuCAHLki5hyNFOF1RHC8IPZ+lfNqHDiH2/iIq5fiU5G8s7RtU78NPliw==", "session"=>{"username"=>"baquara", "password"=>"[FILTERED]"}, "commit"=>"Login"}
  [1m[36mUser Load (0.7ms)[0m  [1m[34mSELECT  "users".* FROM "users" WHERE "users"."username" = $1 LIMIT $2[0m  [["username", "baquara"], ["LIMIT", 1]]
  Rendering session/login.erb within layouts/application
  Rendered session/login.erb within layouts/application (3.4ms)
  [1m[36mUser Load (0.5ms)[0m  [1m[34mSELECT  "users".* FROM "users" WHERE "users"."id" IS NULL LIMIT $1[0m  [["LIMIT", 1]]
  Rendered layouts/_navigation.html.erb (2.6ms)
Completed 200 OK in 157ms (Views: 149.3ms | ActiveRecord: 1.4ms)


Started GET "/users/new" for 127.0.0.1 at 2018-07-30 15:33:45 -0300
Processing by UsersController#new as HTML
  Rendering users/new.html.erb within layouts/application
  Rendered users/_form.html.erb (13.0ms)
  Rendered users/new.html.erb within layouts/application (16.0ms)
  [1m[36mUser Load (0.6ms)[0m  [1m[34mSELECT  "users".* FROM "users" WHERE "users"."id" IS NULL LIMIT $1[0m  [["LIMIT", 1]]
  Rendered layouts/_navigation.html.erb (2.3ms)
Completed 200 OK in 200ms (Views: 158.4ms | ActiveRecord: 6.0ms)


Started GET "/session/login" for 127.0.0.1 at 2018-07-30 15:35:40 -0300
Processing by SessionController#login as HTML
  Rendering session/login.erb within layouts/application
  Rendered session/login.erb within layouts/application (7.2ms)
  [1m[36mUser Load (0.7ms)[0m  [1m[34mSELECT  "users".* FROM "users" WHERE "users"."id" IS NULL LIMIT $1[0m  [["LIMIT", 1]]
  Rendered layouts/_navigation.html.erb (2.6ms)
Completed 200 OK in 119ms (Views: 115.6ms | ActiveRecord: 0.7ms)


Started POST "/session/login" for 127.0.0.1 at 2018-07-30 15:35:44 -0300
Processing by SessionController#create as HTML
  Parameters: {"utf8"=>"âœ“", "authenticity_token"=>"T3P4hXN7dXvJCdmJ2xxx5bUzEmldFIqre58nMoI3/9F5hH85S1vwKnWwnH64l5vxAuX4RwTw5E5I2DmbXIXSiw==", "session"=>{"username"=>"baquara", "password"=>"[FILTERED]"}, "commit"=>"Login"}
  [1m[36mUser Load (0.9ms)[0m  [1m[34mSELECT  "users".* FROM "users" WHERE "users"."username" = $1 LIMIT $2[0m  [["username", "baquara"], ["LIMIT", 1]]
  Rendering session/login.erb within layouts/application
  Rendered session/login.erb within layouts/application (7.8ms)
  [1m[36mUser Load (0.5ms)[0m  [1m[34mSELECT  "users".* FROM "users" WHERE "users"."id" IS NULL LIMIT $1[0m  [["LIMIT", 1]]
  Rendered layouts/_navigation.html.erb (2.2ms)
Completed 200 OK in 233ms (Views: 225.6ms | ActiveRecord: 2.2ms)


Started POST "/session/login" for 127.0.0.1 at 2018-07-30 15:35:54 -0300
Processing by SessionController#create as HTML
  Parameters: {"utf8"=>"âœ“", "authenticity_token"=>"TnqzeOgZ4MrnQFO51/akgxWKgtpgRYDqOaDHbpKPAZp4jTTE0Dllm1v5Fk60fU6Xolxo9Dmh7g8K59nHTD0swA==", "session"=>{"username"=>"baquara", "password"=>"[FILTERED]"}, "commit"=>"Login"}
  [1m[36mUser Load (0.6ms)[0m  [1m[34mSELECT  "users".* FROM "users" WHERE "users"."username" = $1 LIMIT $2[0m  [["username", "baquara"], ["LIMIT", 1]]
  Rendering session/login.erb within layouts/application
  Rendered session/login.erb within layouts/application (6.7ms)
  [1m[36mUser Load (0.5ms)[0m  [1m[34mSELECT  "users".* FROM "users" WHERE "users"."id" IS NULL LIMIT $1[0m  [["LIMIT", 1]]
  Rendered layouts/_navigation.html.erb (2.5ms)
Completed 200 OK in 214ms (Views: 208.9ms | ActiveRecord: 1.5ms)


Started POST "/session/login" for 127.0.0.1 at 2018-07-30 15:35:59 -0300
Processing by SessionController#create as HTML
  Parameters: {"utf8"=>"âœ“", "authenticity_token"=>"QHdy6I3lLx/r11T5CRDjfD8DvKa3fgRuzrn30ZoHRDp2gPVUtcWqTlduEQ5qmwloiNVWiO6aaov9/ul4RLVpYA==", "session"=>{"username"=>"baquara", "password"=>"[FILTERED]"}, "commit"=>"Login"}
  [1m[36mUser Load (0.4ms)[0m  [1m[34mSELECT  "users".* FROM "users" WHERE "users"."username" = $1 LIMIT $2[0m  [["username", "baquara"], ["LIMIT", 1]]
  Rendering session/login.erb within layouts/application
  Rendered session/login.erb within layouts/application (2.1ms)
  [1m[36mUser Load (0.5ms)[0m  [1m[34mSELECT  "users".* FROM "users" WHERE "users"."id" IS NULL LIMIT $1[0m  [["LIMIT", 1]]
  Rendered layouts/_navigation.html.erb (2.3ms)
Completed 200 OK in 112ms (Views: 109.9ms | ActiveRecord: 0.9ms)


Started POST "/session/login" for 127.0.0.1 at 2018-07-30 15:36:12 -0300
Processing by SessionController#create as HTML
  Parameters: {"utf8"=>"âœ“", "authenticity_token"=>"3Z8Nk+lItE4wb/JsG138pHfcbd2t6vZ+QVnPz0l3G//raIov0WgxH4zWt5t41hawwAqH8/QOmJtyHtFml8U2pQ==", "session"=>{"username"=>"baquara", "password"=>"[FILTERED]"}, "commit"=>"Login"}
  [1m[36mUser Load (0.8ms)[0m  [1m[34mSELECT  "users".* FROM "users" WHERE "users"."username" = $1 LIMIT $2[0m  [["username", "baquara"], ["LIMIT", 1]]
  Rendering session/login.erb within layouts/application
  Rendered session/login.erb within layouts/application (6.1ms)
  [1m[36mUser Load (0.4ms)[0m  [1m[34mSELECT  "users".* FROM "users" WHERE "users"."id" IS NULL LIMIT $1[0m  [["LIMIT", 1]]
  Rendered layouts/_navigation.html.erb (2.1ms)
Completed 200 OK in 222ms (Views: 215.9ms | ActiveRecord: 1.2ms)


Started GET "/users/new" for 127.0.0.1 at 2018-07-30 15:36:29 -0300
Processing by UsersController#new as HTML
  Rendering users/new.html.erb within layouts/application
  Rendered users/_form.html.erb (7.3ms)
  Rendered users/new.html.erb within layouts/application (9.8ms)
  [1m[36mUser Load (0.6ms)[0m  [1m[34mSELECT  "users".* FROM "users" WHERE "users"."id" IS NULL LIMIT $1[0m  [["LIMIT", 1]]
  Rendered layouts/_navigation.html.erb (2.8ms)
Completed 200 OK in 156ms (Views: 153.2ms | ActiveRecord: 0.6ms)


Started POST "/users" for 127.0.0.1 at 2018-07-30 15:36:58 -0300
Processing by UsersController#create as HTML
  Parameters: {"utf8"=>"âœ“", "authenticity_token"=>"qM+RDvV3EzsD9KI1xWXGOcXCPx2gbXL5BlJm/+cKpt+eOBayzVeWar9N58Km7iwtchTVM/mJHBw1FXhWObiLhQ==", "user"=>{"username"=>"airton", "email"=>"airton@ufba.br", "password"=>"[FILTERED]"}, "commit"=>"Submit"}
  [1m[35m (0.3ms)[0m  [1m[35mBEGIN[0m
  [1m[36mUser Exists (0.6ms)[0m  [1m[34mSELECT  1 AS one FROM "users" WHERE "users"."username" = $1 LIMIT $2[0m  [["username", "airton"], ["LIMIT", 1]]
  [1m[35m (0.2ms)[0m  [1m[31mROLLBACK[0m
  Rendering users/new.html.erb within layouts/application
  Rendered users/_form.html.erb (3.5ms)
  Rendered users/new.html.erb within layouts/application (4.7ms)
  [1m[36mUser Load (0.4ms)[0m  [1m[34mSELECT  "users".* FROM "users" WHERE "users"."id" IS NULL LIMIT $1[0m  [["LIMIT", 1]]
  Rendered layouts/_navigation.html.erb (2.2ms)
Completed 200 OK in 318ms (Views: 96.2ms | ActiveRecord: 1.5ms)


Started POST "/users" for 127.0.0.1 at 2018-07-30 15:37:19 -0300
Processing by UsersController#create as HTML
  Parameters: {"utf8"=>"âœ“", "authenticity_token"=>"+AemrtOCsQK9m/GL933Cd7cNLw6POjaQuDFCSEHCNU/O8CES66I0UwEitHyU9ihjANvFINbeWHWLdlzhn3AYFQ==", "user"=>{"username"=>"airton", "email"=>"airton@ufba.br", "password"=>"[FILTERED]"}, "commit"=>"Submit"}
  [1m[35m (0.2ms)[0m  [1m[35mBEGIN[0m
  [1m[36mUser Exists (0.7ms)[0m  [1m[34mSELECT  1 AS one FROM "users" WHERE "users"."username" = $1 LIMIT $2[0m  [["username", "airton"], ["LIMIT", 1]]
  [1m[35mSQL (4.6ms)[0m  [1m[32mINSERT INTO "users" ("username", "email", "password_digest", "created_at", "updated_at") VALUES ($1, $2, $3, $4, $5) RETURNING "id"[0m  [["username", "airton"], ["email", "airton@ufba.br"], ["password_digest", "$2a$10$T.sUz3DGsPIndUQ.RchHRu3iQUJYGiPdwcaGnTgDXeO9tGhqRayGS"], ["created_at", 2018-07-30 18:37:19 UTC], ["updated_at", 2018-07-30 18:37:19 UTC]]
  [1m[35m (1.1ms)[0m  [1m[35mCOMMIT[0m
Redirected to http://0.0.0.0:3000/users/2
Completed 302 Found in 181ms (ActiveRecord: 6.6ms)


Started GET "/users/2" for 127.0.0.1 at 2018-07-30 15:37:19 -0300
Processing by UsersController#show as HTML
  Parameters: {"id"=>"2"}
  [1m[36mUser Load (0.3ms)[0m  [1m[34mSELECT  "users".* FROM "users" WHERE "users"."id" = $1 LIMIT $2[0m  [["id", 2], ["LIMIT", 1]]
  Rendering users/show.html.erb within layouts/application
  Rendered users/show.html.erb within layouts/application (1.4ms)
  [1m[36mUser Load (0.4ms)[0m  [1m[34mSELECT  "users".* FROM "users" WHERE "users"."id" IS NULL LIMIT $1[0m  [["LIMIT", 1]]
  Rendered layouts/_navigation.html.erb (3.1ms)
Completed 200 OK in 136ms (Views: 132.8ms | ActiveRecord: 0.8ms)


Started GET "/posts" for 127.0.0.1 at 2018-07-30 15:37:23 -0300
Processing by PostsController#index as HTML
  Rendering posts/index.html.erb within layouts/application
  [1m[36mPost Load (0.7ms)[0m  [1m[34mSELECT "posts".* FROM "posts"[0m
  [1m[36mUser Load (0.7ms)[0m  [1m[34mSELECT  "users".* FROM "users" WHERE "users"."id" IS NULL LIMIT $1[0m  [["LIMIT", 1]]
  Rendered posts/index.html.erb within layouts/application (9.7ms)
  [1m[36mCACHE (0.1ms)[0m  [1m[34mSELECT  "users".* FROM "users" WHERE "users"."id" IS NULL LIMIT $1[0m  [["LIMIT", 1]]
  Rendered layouts/_navigation.html.erb (3.2ms)
Completed 200 OK in 235ms (Views: 232.0ms | ActiveRecord: 1.4ms)


Started GET "/posts" for 127.0.0.1 at 2018-07-30 15:37:37 -0300
Processing by PostsController#index as HTML
  Rendering posts/index.html.erb within layouts/application
  [1m[36mPost Load (1.7ms)[0m  [1m[34mSELECT "posts".* FROM "posts"[0m
  [1m[36mUser Load (1.1ms)[0m  [1m[34mSELECT  "users".* FROM "users" WHERE "users"."id" IS NULL LIMIT $1[0m  [["LIMIT", 1]]
  Rendered posts/index.html.erb within layouts/application (20.2ms)
  [1m[36mCACHE (0.0ms)[0m  [1m[34mSELECT  "users".* FROM "users" WHERE "users"."id" IS NULL LIMIT $1[0m  [["LIMIT", 1]]
  Rendered layouts/_navigation.html.erb (2.4ms)
Completed 200 OK in 195ms (Views: 188.2ms | ActiveRecord: 2.9ms)


Started GET "/session/login" for 127.0.0.1 at 2018-07-30 15:37:39 -0300
Processing by SessionController#login as HTML
  Rendering session/login.erb within layouts/application
  Rendered session/login.erb within layouts/application (6.2ms)
Started GET "/session/login" for 127.0.0.1 at 2018-07-30 15:37:39 -0300
Processing by SessionController#login as HTML
  Rendering session/login.erb within layouts/application
  Rendered session/login.erb within layouts/application (6.9ms)
  [1m[36mUser Load (1.3ms)[0m  [1m[34mSELECT  "users".* FROM "users" WHERE "users"."id" IS NULL LIMIT $1[0m  [["LIMIT", 1]]
  Rendered layouts/_navigation.html.erb (7.1ms)
Completed 200 OK in 277ms (Views: 273.3ms | ActiveRecord: 1.3ms)


  [1m[36mUser Load (0.9ms)[0m  [1m[34mSELECT  "users".* FROM "users" WHERE "users"."id" IS NULL LIMIT $1[0m  [["LIMIT", 1]]
  Rendered layouts/_navigation.html.erb (2.9ms)
Completed 200 OK in 230ms (Views: 226.7ms | ActiveRecord: 0.9ms)


Started POST "/session/login" for 127.0.0.1 at 2018-07-30 15:37:45 -0300
Processing by SessionController#create as HTML
  Parameters: {"utf8"=>"âœ“", "authenticity_token"=>"k96BZ1FKmmVWiyvBCz++rLiIKKX9D6U7UeRImXTo2hulKQbbaWofNOoybjZotFS4D17Ci6Try95io1Ywqlr3QQ==", "session"=>{"username"=>"airton", "password"=>"[FILTERED]"}, "commit"=>"Login"}
  [1m[36mUser Load (1.5ms)[0m  [1m[34mSELECT  "users".* FROM "users" WHERE "users"."username" = $1 LIMIT $2[0m  [["username", "airton"], ["LIMIT", 1]]
Redirected to http://0.0.0.0:3000/posts
Completed 302 Found in 220ms (ActiveRecord: 1.5ms)


Started GET "/posts" for 127.0.0.1 at 2018-07-30 15:37:45 -0300
Processing by PostsController#index as HTML
  Rendering posts/index.html.erb within layouts/application
  [1m[36mPost Load (0.7ms)[0m  [1m[34mSELECT "posts".* FROM "posts"[0m
  [1m[36mUser Load (0.4ms)[0m  [1m[34mSELECT  "users".* FROM "users" WHERE "users"."id" = $1 LIMIT $2[0m  [["id", 2], ["LIMIT", 1]]
  Rendered posts/index.html.erb within layouts/application (6.1ms)
  Rendered layouts/_navigation.html.erb (1.0ms)
Completed 200 OK in 115ms (Views: 113.3ms | ActiveRecord: 1.1ms)


Started GET "/posts/1/edit" for 127.0.0.1 at 2018-07-30 15:37:53 -0300
Processing by PostsController#edit as HTML
  Parameters: {"id"=>"1"}
  [1m[36mUser Load (0.9ms)[0m  [1m[34mSELECT  "users".* FROM "users" WHERE "users"."id" = $1 LIMIT $2[0m  [["id", 2], ["LIMIT", 1]]
  [1m[36mPost Load (1.3ms)[0m  [1m[34mSELECT  "posts".* FROM "posts" WHERE "posts"."id" = $1 LIMIT $2[0m  [["id", 1], ["LIMIT", 1]]
  [1m[36mCACHE (0.1ms)[0m  [1m[34mSELECT  "posts".* FROM "posts" WHERE "posts"."id" = $1 LIMIT $2[0m  [["id", 1], ["LIMIT", 1]]
  [1m[36mCACHE (0.0ms)[0m  [1m[34mSELECT  "posts".* FROM "posts" WHERE "posts"."id" = $1 LIMIT $2[0m  [["id", 1], ["LIMIT", 1]]
Redirected to http://0.0.0.0:3000/posts
Completed 302 Found in 14ms (ActiveRecord: 2.3ms)


Started GET "/posts" for 127.0.0.1 at 2018-07-30 15:37:53 -0300
Processing by PostsController#index as HTML
  Rendering posts/index.html.erb within layouts/application
  [1m[36mPost Load (2.4ms)[0m  [1m[34mSELECT "posts".* FROM "posts"[0m
  [1m[36mUser Load (0.8ms)[0m  [1m[34mSELECT  "users".* FROM "users" WHERE "users"."id" = $1 LIMIT $2[0m  [["id", 2], ["LIMIT", 1]]
  Rendered posts/index.html.erb within layouts/application (20.5ms)
  Rendered layouts/_navigation.html.erb (2.1ms)
Completed 200 OK in 311ms (Views: 304.0ms | ActiveRecord: 3.2ms)


Started DELETE "/posts/1" for 127.0.0.1 at 2018-07-30 15:37:59 -0300
Processing by PostsController#destroy as HTML
  Parameters: {"authenticity_token"=>"PL1Hk6xMbptOKzzCr3nD3kXL8QyvwFVL/WOorROShZkKSsAvlGzryvKSeTXM8inK8h0bIvYkO67OJLYEzSCoww==", "id"=>"1"}
  [1m[36mUser Load (1.4ms)[0m  [1m[34mSELECT  "users".* FROM "users" WHERE "users"."id" = $1 LIMIT $2[0m  [["id", 2], ["LIMIT", 1]]
  [1m[36mPost Load (1.3ms)[0m  [1m[34mSELECT  "posts".* FROM "posts" WHERE "posts"."id" = $1 LIMIT $2[0m  [["id", 1], ["LIMIT", 1]]
  [1m[36mCACHE (0.1ms)[0m  [1m[34mSELECT  "posts".* FROM "posts" WHERE "posts"."id" = $1 LIMIT $2[0m  [["id", 1], ["LIMIT", 1]]
  [1m[35m (0.4ms)[0m  [1m[35mBEGIN[0m
  [1m[35mSQL (1.3ms)[0m  [1m[31mDELETE FROM "posts" WHERE "posts"."id" = $1[0m  [["id", 1]]
  [1m[35m (2.0ms)[0m  [1m[35mCOMMIT[0m
[paperclip] deleting /home/baquara/Ãrea de trabalho/book store/craigslist/public/system/posts/images/000/000/001/original/Book-of-the-Month-Feb-2018-Featured_mini.jpg
[paperclip] deleting /home/baquara/Ãrea de trabalho/book store/craigslist/public/system/posts/images/000/000/001/medium/Book-of-the-Month-Feb-2018-Featured_mini.jpg
[paperclip] deleting /home/baquara/Ãrea de trabalho/book store/craigslist/public/system/posts/images/000/000/001/thumb/Book-of-the-Month-Feb-2018-Featured_mini.jpg
Redirected to http://0.0.0.0:3000/posts
Completed 302 Found in 52ms (ActiveRecord: 6.5ms)


Started GET "/posts" for 127.0.0.1 at 2018-07-30 15:38:00 -0300
Processing by PostsController#index as HTML
  Rendering posts/index.html.erb within layouts/application
  [1m[36mPost Load (1.0ms)[0m  [1m[34mSELECT "posts".* FROM "posts"[0m
  Rendered posts/index.html.erb within layouts/application (6.8ms)
  [1m[36mUser Load (1.0ms)[0m  [1m[34mSELECT  "users".* FROM "users" WHERE "users"."id" = $1 LIMIT $2[0m  [["id", 2], ["LIMIT", 1]]
  Rendered layouts/_navigation.html.erb (7.2ms)
Completed 200 OK in 356ms (Views: 351.5ms | ActiveRecord: 2.1ms)


Started GET "/posts/new" for 127.0.0.1 at 2018-07-30 15:38:03 -0300
Processing by PostsController#new as HTML
  [1m[36mUser Load (0.7ms)[0m  [1m[34mSELECT  "users".* FROM "users" WHERE "users"."id" = $1 LIMIT $2[0m  [["id", 2], ["LIMIT", 1]]
  Rendering posts/new.html.erb within layouts/application
  [1m[36mCategory Load (7.2ms)[0m  [1m[34mSELECT "categories".* FROM "categories"[0m
  Rendered posts/_form.html.erb (71.9ms)
  Rendered posts/new.html.erb within layouts/application (75.2ms)
  Rendered layouts/_navigation.html.erb (2.9ms)
Completed 200 OK in 327ms (Views: 299.4ms | ActiveRecord: 21.2ms)


Started POST "/posts" for 127.0.0.1 at 2018-07-30 15:40:09 -0300
Processing by PostsController#create as HTML
  Parameters: {"utf8"=>"âœ“", "authenticity_token"=>"HvJSikJ5QqLGp/ZS/eIwpiM0jScwBpv2y5HNCto5yLAoBdU2elnH83oes6WeadqylOJnCWni9RP41tOjBIvl6g==", "post"=>{"title"=>"livro", "cost"=>"10", "image"=>#<ActionDispatch::Http::UploadedFile:0x00007f0a3c8cc448 @tempfile=#<Tempfile:/tmp/RackMultipart20180730-22625-susqww.jpg>, @original_filename="Book-of-the-Month-Feb-2018-Featured_mini.jpg", @content_type="image/jpeg", @headers="Content-Disposition: form-data; name=\"post[image]\"; filename=\"Book-of-the-Month-Feb-2018-Featured_mini.jpg\"\r\nContent-Type: image/jpeg\r\n">, "category_id"=>"1", "address"=>"rua adhemar de barros", "body"=>"<p>jpadaoijsdoia sjiajd odjadjaoidaoidjaiojdiojoaipjao ja ja odiajiodjaoi ja odjaiojiao a ja oisdjaio djoaip jioj ioaj dopasjdaoisjdioasjdr</p>\r\n"}, "commit"=>"Create Post"}
  [1m[36mUser Load (0.7ms)[0m  [1m[34mSELECT  "users".* FROM "users" WHERE "users"."id" = $1 LIMIT $2[0m  [["id", 2], ["LIMIT", 1]]
Command :: file -b --mime '/tmp/9a5afb958b673eedc2fe7ec3a0c7a34620180730-22625-177bhg0.jpg'
Command :: identify -format '%wx%h,%[exif:orientation]' '/tmp/9a5afb958b673eedc2fe7ec3a0c7a34620180730-22625-zqy7b.jpg[0]' 2>/dev/null
Command :: identify -format %m '/tmp/9a5afb958b673eedc2fe7ec3a0c7a34620180730-22625-zqy7b.jpg[0]'
Command :: convert '/tmp/9a5afb958b673eedc2fe7ec3a0c7a34620180730-22625-zqy7b.jpg[0]' -auto-orient -resize "300x300>" '/tmp/800681ebccab7e3ddeb1b1ac5b2285a720180730-22625-rys89y'
Command :: identify -format '%wx%h,%[exif:orientation]' '/tmp/9a5afb958b673eedc2fe7ec3a0c7a34620180730-22625-zqy7b.jpg[0]' 2>/dev/null
Command :: identify -format %m '/tmp/9a5afb958b673eedc2fe7ec3a0c7a34620180730-22625-zqy7b.jpg[0]'
Command :: convert '/tmp/9a5afb958b673eedc2fe7ec3a0c7a34620180730-22625-zqy7b.jpg[0]' -auto-orient -resize "100x100>" '/tmp/800681ebccab7e3ddeb1b1ac5b2285a720180730-22625-6wvhnk'
  [1m[35m (0.1ms)[0m  [1m[35mBEGIN[0m
Command :: file -b --mime '/tmp/9a5afb958b673eedc2fe7ec3a0c7a34620180730-22625-186t8gh.jpg'
  [1m[36mCategory Load (0.4ms)[0m  [1m[34mSELECT  "categories".* FROM "categories" WHERE "categories"."id" = $1 LIMIT $2[0m  [["id", 1], ["LIMIT", 1]]
  [1m[35mSQL (3.7ms)[0m  [1m[32mINSERT INTO "posts" ("title", "body", "cost", "category_id", "user_id", "address", "created_at", "updated_at", "image_file_name", "image_content_type", "image_file_size", "image_updated_at") VALUES ($1, $2, $3, $4, $5, $6, $7, $8, $9, $10, $11, $12) RETURNING "id"[0m  [["title", "livro"], ["body", "<p>jpadaoijsdoia sjiajd odjadjaoidaoidjaiojdiojoaipjao ja ja odiajiodjaoi ja odjaiojiao a ja oisdjaio djoaip jioj ioaj dopasjdaoisjdioasjdr</p>\r\n"], ["cost", 0.1e2], ["category_id", 1], ["user_id", 2], ["address", "rua adhemar de barros"], ["created_at", 2018-07-30 18:40:15 UTC], ["updated_at", 2018-07-30 18:40:15 UTC], ["image_file_name", "Book-of-the-Month-Feb-2018-Featured_mini.jpg"], ["image_content_type", "image/jpeg"], ["image_file_size", 37958], ["image_updated_at", 2018-07-30 18:40:09 UTC]]
  [1m[35m (1.7ms)[0m  [1m[35mCOMMIT[0m
Redirected to http://0.0.0.0:3000/posts.2
Completed 302 Found in 5608ms (ActiveRecord: 6.6ms)


Started GET "/posts.2" for 127.0.0.1 at 2018-07-30 15:40:15 -0300
Processing by PostsController#index as 
  Rendering posts/index.html.erb within layouts/application
  [1m[36mPost Load (1.3ms)[0m  [1m[34mSELECT "posts".* FROM "posts"[0m
  [1m[36mUser Load (0.9ms)[0m  [1m[34mSELECT  "users".* FROM "users" WHERE "users"."id" = $1 LIMIT $2[0m  [["id", 2], ["LIMIT", 1]]
  Rendered posts/index.html.erb within layouts/application (15.5ms)
  Rendered layouts/_navigation.html.erb (1.7ms)
Completed 200 OK in 214ms (Views: 194.5ms | ActiveRecord: 2.2ms)


Started GET "/posts/2" for 127.0.0.1 at 2018-07-30 15:40:23 -0300
Processing by PostsController#show as HTML
  Parameters: {"id"=>"2"}
  [1m[36mPost Load (0.6ms)[0m  [1m[34mSELECT  "posts".* FROM "posts" WHERE "posts"."id" = $1 LIMIT $2[0m  [["id", 2], ["LIMIT", 1]]
  Rendering posts/show.html.erb within layouts/application
  Rendered posts/show.html.erb within layouts/application (4.7ms)
  [1m[36mUser Load (0.5ms)[0m  [1m[34mSELECT  "users".* FROM "users" WHERE "users"."id" = $1 LIMIT $2[0m  [["id", 2], ["LIMIT", 1]]
  Rendered layouts/_navigation.html.erb (2.1ms)
Completed 200 OK in 152ms (Views: 144.1ms | ActiveRecord: 1.2ms)


Started GET "/posts" for 127.0.0.1 at 2018-07-30 15:55:59 -0300
Processing by PostsController#index as HTML
  Rendering posts/index.html.erb within layouts/application
  [1m[36mPost Load (0.7ms)[0m  [1m[34mSELECT "posts".* FROM "posts"[0m
  [1m[36mUser Load (0.7ms)[0m  [1m[34mSELECT  "users".* FROM "users" WHERE "users"."id" = $1 LIMIT $2[0m  [["id", 2], ["LIMIT", 1]]
  Rendered posts/index.html.erb within layouts/application (11.1ms)
  Rendered layouts/_navigation.html.erb (2.7ms)
Completed 200 OK in 209ms (Views: 205.9ms | ActiveRecord: 1.4ms)


Started GET "/categories" for 127.0.0.1 at 2018-07-30 15:56:18 -0300
Processing by CategoriesController#index as HTML
  Rendering categories/index.html.erb within layouts/application
  [1m[36mCategory Load (0.7ms)[0m  [1m[34mSELECT "categories".* FROM "categories"[0m
  Rendered categories/index.html.erb within layouts/application (2.5ms)
  [1m[36mUser Load (0.4ms)[0m  [1m[34mSELECT  "users".* FROM "users" WHERE "users"."id" = $1 LIMIT $2[0m  [["id", 2], ["LIMIT", 1]]
  Rendered layouts/_navigation.html.erb (2.8ms)
Completed 200 OK in 133ms (Views: 130.2ms | ActiveRecord: 1.1ms)


Started GET "/categories/1" for 127.0.0.1 at 2018-07-30 15:56:20 -0300
Processing by CategoriesController#show as HTML
  Parameters: {"id"=>"1"}
  [1m[36mCategory Load (0.5ms)[0m  [1m[34mSELECT  "categories".* FROM "categories" WHERE "categories"."id" = $1 LIMIT $2[0m  [["id", 1], ["LIMIT", 1]]
  Rendering categories/show.html.erb within layouts/application
  [1m[36mPost Load (0.6ms)[0m  [1m[34mSELECT "posts".* FROM "posts" WHERE "posts"."category_id" = $1[0m  [["category_id", 1]]
  Rendered categories/show.html.erb within layouts/application (8.9ms)
  [1m[36mUser Load (2.0ms)[0m  [1m[34mSELECT  "users".* FROM "users" WHERE "users"."id" = $1 LIMIT $2[0m  [["id", 2], ["LIMIT", 1]]
  Rendered layouts/_navigation.html.erb (6.2ms)
Completed 200 OK in 221ms (Views: 214.3ms | ActiveRecord: 3.1ms)


Started GET "/categories/1" for 127.0.0.1 at 2018-07-30 15:56:34 -0300
Processing by CategoriesController#show as HTML
  Parameters: {"id"=>"1"}
  [1m[36mCategory Load (0.8ms)[0m  [1m[34mSELECT  "categories".* FROM "categories" WHERE "categories"."id" = $1 LIMIT $2[0m  [["id", 1], ["LIMIT", 1]]
  Rendering categories/show.html.erb within layouts/application
  [1m[36mPost Load (0.6ms)[0m  [1m[34mSELECT "posts".* FROM "posts" WHERE "posts"."category_id" = $1[0m  [["category_id", 1]]
  Rendered categories/show.html.erb within layouts/application (7.0ms)
  [1m[36mUser Load (0.7ms)[0m  [1m[34mSELECT  "users".* FROM "users" WHERE "users"."id" = $1 LIMIT $2[0m  [["id", 2], ["LIMIT", 1]]
  Rendered layouts/_navigation.html.erb (2.4ms)
Completed 200 OK in 199ms (Views: 193.0ms | ActiveRecord: 2.1ms)


Started GET "/categories/1" for 127.0.0.1 at 2018-07-30 15:56:54 -0300
Processing by CategoriesController#show as HTML
  Parameters: {"id"=>"1"}
  [1m[36mCategory Load (0.6ms)[0m  [1m[34mSELECT  "categories".* FROM "categories" WHERE "categories"."id" = $1 LIMIT $2[0m  [["id", 1], ["LIMIT", 1]]
  Rendering categories/show.html.erb within layouts/application
  [1m[36mPost Load (0.5ms)[0m  [1m[34mSELECT "posts".* FROM "posts" WHERE "posts"."category_id" = $1[0m  [["category_id", 1]]
  Rendered categories/show.html.erb within layouts/application (6.2ms)
  [1m[36mUser Load (0.5ms)[0m  [1m[34mSELECT  "users".* FROM "users" WHERE "users"."id" = $1 LIMIT $2[0m  [["id", 2], ["LIMIT", 1]]
  Rendered layouts/_navigation.html.erb (2.8ms)
Completed 200 OK in 146ms (Views: 141.3ms | ActiveRecord: 1.7ms)


Started GET "/posts" for 127.0.0.1 at 2018-07-30 15:56:56 -0300
Processing by PostsController#index as HTML
  Rendering posts/index.html.erb within layouts/application
  [1m[36mPost Load (0.8ms)[0m  [1m[34mSELECT "posts".* FROM "posts"[0m
  [1m[36mUser Load (0.6ms)[0m  [1m[34mSELECT  "users".* FROM "users" WHERE "users"."id" = $1 LIMIT $2[0m  [["id", 2], ["LIMIT", 1]]
  Rendered posts/index.html.erb within layouts/application (9.7ms)
  Rendered layouts/_navigation.html.erb (2.0ms)
Completed 200 OK in 238ms (Views: 234.8ms | ActiveRecord: 1.3ms)


Started GET "/categories" for 127.0.0.1 at 2018-07-30 15:56:59 -0300
Processing by CategoriesController#index as HTML
  Rendering categories/index.html.erb within layouts/application
  [1m[36mCategory Load (0.6ms)[0m  [1m[34mSELECT "categories".* FROM "categories"[0m
  Rendered categories/index.html.erb within layouts/application (3.3ms)
  [1m[36mUser Load (0.4ms)[0m  [1m[34mSELECT  "users".* FROM "users" WHERE "users"."id" = $1 LIMIT $2[0m  [["id", 2], ["LIMIT", 1]]
  Rendered layouts/_navigation.html.erb (2.2ms)
Completed 200 OK in 145ms (Views: 141.8ms | ActiveRecord: 1.0ms)


Started GET "/categories/1" for 127.0.0.1 at 2018-07-30 15:57:11 -0300
Processing by CategoriesController#show as HTML
  Parameters: {"id"=>"1"}
  [1m[36mCategory Load (0.5ms)[0m  [1m[34mSELECT  "categories".* FROM "categories" WHERE "categories"."id" = $1 LIMIT $2[0m  [["id", 1], ["LIMIT", 1]]
  Rendering categories/show.html.erb within layouts/application
  [1m[36mPost Load (0.7ms)[0m  [1m[34mSELECT "posts".* FROM "posts" WHERE "posts"."category_id" = $1[0m  [["category_id", 1]]
  Rendered categories/show.html.erb within layouts/application (5.5ms)
  [1m[36mUser Load (0.4ms)[0m  [1m[34mSELECT  "users".* FROM "users" WHERE "users"."id" = $1 LIMIT $2[0m  [["id", 2], ["LIMIT", 1]]
  Rendered layouts/_navigation.html.erb (2.6ms)
Completed 200 OK in 180ms (Views: 175.7ms | ActiveRecord: 1.6ms)


Started GET "/categories/1" for 127.0.0.1 at 2018-07-30 15:57:16 -0300
Processing by CategoriesController#show as HTML
  Parameters: {"id"=>"1"}
  [1m[36mCategory Load (0.7ms)[0m  [1m[34mSELECT  "categories".* FROM "categories" WHERE "categories"."id" = $1 LIMIT $2[0m  [["id", 1], ["LIMIT", 1]]
  Rendering categories/show.html.erb within layouts/application
  [1m[36mPost Load (0.8ms)[0m  [1m[34mSELECT "posts".* FROM "posts" WHERE "posts"."category_id" = $1[0m  [["category_id", 1]]
  Rendered categories/show.html.erb within layouts/application (5.3ms)
  [1m[36mUser Load (0.7ms)[0m  [1m[34mSELECT  "users".* FROM "users" WHERE "users"."id" = $1 LIMIT $2[0m  [["id", 2], ["LIMIT", 1]]
  Rendered layouts/_navigation.html.erb (2.4ms)
Completed 200 OK in 174ms (Views: 169.1ms | ActiveRecord: 2.3ms)


Started GET "/posts/2" for 127.0.0.1 at 2018-07-30 15:57:18 -0300
Processing by PostsController#show as HTML
  Parameters: {"id"=>"2"}
  [1m[36mPost Load (0.6ms)[0m  [1m[34mSELECT  "posts".* FROM "posts" WHERE "posts"."id" = $1 LIMIT $2[0m  [["id", 2], ["LIMIT", 1]]
  Rendering posts/show.html.erb within layouts/application
  Rendered posts/show.html.erb within layouts/application (4.3ms)
  [1m[36mUser Load (0.4ms)[0m  [1m[34mSELECT  "users".* FROM "users" WHERE "users"."id" = $1 LIMIT $2[0m  [["id", 2], ["LIMIT", 1]]
  Rendered layouts/_navigation.html.erb (2.4ms)
Completed 200 OK in 141ms (Views: 137.1ms | ActiveRecord: 1.0ms)


Started GET "/categories" for 127.0.0.1 at 2018-07-30 15:57:23 -0300
Processing by CategoriesController#index as HTML
  Rendering categories/index.html.erb within layouts/application
  [1m[36mCategory Load (0.6ms)[0m  [1m[34mSELECT "categories".* FROM "categories"[0m
  Rendered categories/index.html.erb within layouts/application (3.2ms)
  [1m[36mUser Load (0.5ms)[0m  [1m[34mSELECT  "users".* FROM "users" WHERE "users"."id" = $1 LIMIT $2[0m  [["id", 2], ["LIMIT", 1]]
  Rendered layouts/_navigation.html.erb (2.4ms)
Completed 200 OK in 118ms (Views: 115.4ms | ActiveRecord: 1.2ms)


Started GET "/categories/2" for 127.0.0.1 at 2018-07-30 15:57:25 -0300
Processing by CategoriesController#show as HTML
  Parameters: {"id"=>"2"}
  [1m[36mCategory Load (0.6ms)[0m  [1m[34mSELECT  "categories".* FROM "categories" WHERE "categories"."id" = $1 LIMIT $2[0m  [["id", 2], ["LIMIT", 1]]
  Rendering categories/show.html.erb within layouts/application
  [1m[36mPost Load (0.5ms)[0m  [1m[34mSELECT "posts".* FROM "posts" WHERE "posts"."category_id" = $1[0m  [["category_id", 2]]
  Rendered categories/show.html.erb within layouts/application (5.0ms)
  [1m[36mUser Load (0.6ms)[0m  [1m[34mSELECT  "users".* FROM "users" WHERE "users"."id" = $1 LIMIT $2[0m  [["id", 2], ["LIMIT", 1]]
  Rendered layouts/_navigation.html.erb (2.5ms)
Completed 200 OK in 134ms (Views: 129.0ms | ActiveRecord: 1.8ms)


Started GET "/posts" for 127.0.0.1 at 2018-07-30 15:57:27 -0300
Processing by PostsController#index as HTML
  Rendering posts/index.html.erb within layouts/application
  [1m[36mPost Load (0.8ms)[0m  [1m[34mSELECT "posts".* FROM "posts"[0m
  [1m[36mUser Load (0.8ms)[0m  [1m[34mSELECT  "users".* FROM "users" WHERE "users"."id" = $1 LIMIT $2[0m  [["id", 2], ["LIMIT", 1]]
  Rendered posts/index.html.erb within layouts/application (10.2ms)
  Rendered layouts/_navigation.html.erb (1.2ms)
Completed 200 OK in 159ms (Views: 155.9ms | ActiveRecord: 1.6ms)


Started GET "/users/2" for 127.0.0.1 at 2018-07-30 15:57:29 -0300
Processing by UsersController#show as HTML
  Parameters: {"id"=>"2"}
  [1m[36mUser Load (0.6ms)[0m  [1m[34mSELECT  "users".* FROM "users" WHERE "users"."id" = $1 LIMIT $2[0m  [["id", 2], ["LIMIT", 1]]
  Rendering users/show.html.erb within layouts/application
  Rendered users/show.html.erb within layouts/application (1.8ms)
  [1m[36mUser Load (0.8ms)[0m  [1m[34mSELECT  "users".* FROM "users" WHERE "users"."id" = $1 LIMIT $2[0m  [["id", 2], ["LIMIT", 1]]
  Rendered layouts/_navigation.html.erb (5.8ms)
Completed 200 OK in 203ms (Views: 198.5ms | ActiveRecord: 1.4ms)


Started GET "/users/2/edit" for 127.0.0.1 at 2018-07-30 15:57:32 -0300
Processing by UsersController#edit as HTML
  Parameters: {"id"=>"2"}
  [1m[36mUser Load (0.5ms)[0m  [1m[34mSELECT  "users".* FROM "users" WHERE "users"."id" = $1 LIMIT $2[0m  [["id", 2], ["LIMIT", 1]]
  Rendering users/edit.html.erb within layouts/application
  Rendered users/_form.html.erb (8.2ms)
  Rendered users/edit.html.erb within layouts/application (10.5ms)
  [1m[36mUser Load (0.3ms)[0m  [1m[34mSELECT  "users".* FROM "users" WHERE "users"."id" = $1 LIMIT $2[0m  [["id", 2], ["LIMIT", 1]]
  Rendered layouts/_navigation.html.erb (1.9ms)
Completed 200 OK in 128ms (Views: 124.1ms | ActiveRecord: 0.9ms)


Started GET "/posts" for 127.0.0.1 at 2018-07-30 15:57:34 -0300
Processing by PostsController#index as HTML
  Rendering posts/index.html.erb within layouts/application
  [1m[36mPost Load (0.7ms)[0m  [1m[34mSELECT "posts".* FROM "posts"[0m
  [1m[36mUser Load (0.6ms)[0m  [1m[34mSELECT  "users".* FROM "users" WHERE "users"."id" = $1 LIMIT $2[0m  [["id", 2], ["LIMIT", 1]]
  Rendered posts/index.html.erb within layouts/application (9.5ms)
  Rendered layouts/_navigation.html.erb (1.0ms)
Completed 200 OK in 159ms (Views: 155.7ms | ActiveRecord: 1.2ms)


Started GET "/posts/2/edit" for 127.0.0.1 at 2018-07-30 15:57:38 -0300
Processing by PostsController#edit as HTML
  Parameters: {"id"=>"2"}
  [1m[36mUser Load (0.5ms)[0m  [1m[34mSELECT  "users".* FROM "users" WHERE "users"."id" = $1 LIMIT $2[0m  [["id", 2], ["LIMIT", 1]]
  [1m[36mPost Load (0.5ms)[0m  [1m[34mSELECT  "posts".* FROM "posts" WHERE "posts"."id" = $1 LIMIT $2[0m  [["id", 2], ["LIMIT", 1]]
  [1m[36mCACHE (0.0ms)[0m  [1m[34mSELECT  "posts".* FROM "posts" WHERE "posts"."id" = $1 LIMIT $2[0m  [["id", 2], ["LIMIT", 1]]
  [1m[36mCACHE (0.0ms)[0m  [1m[34mSELECT  "posts".* FROM "posts" WHERE "posts"."id" = $1 LIMIT $2[0m  [["id", 2], ["LIMIT", 1]]
  Rendering posts/edit.html.erb within layouts/application
  [1m[36mCategory Load (0.5ms)[0m  [1m[34mSELECT "categories".* FROM "categories"[0m
  Rendered posts/_form.html.erb (21.5ms)
  Rendered posts/edit.html.erb within layouts/application (23.8ms)
  Rendered layouts/_navigation.html.erb (1.0ms)
Completed 200 OK in 154ms (Views: 147.2ms | ActiveRecord: 1.6ms)


Started GET "/posts" for 127.0.0.1 at 2018-07-30 15:57:43 -0300
Processing by PostsController#index as HTML
  Rendering posts/index.html.erb within layouts/application
  [1m[36mPost Load (0.7ms)[0m  [1m[34mSELECT "posts".* FROM "posts"[0m
  [1m[36mUser Load (0.7ms)[0m  [1m[34mSELECT  "users".* FROM "users" WHERE "users"."id" = $1 LIMIT $2[0m  [["id", 2], ["LIMIT", 1]]
  Rendered posts/index.html.erb within layouts/application (11.6ms)
  Rendered layouts/_navigation.html.erb (1.1ms)
Completed 200 OK in 150ms (Views: 146.5ms | ActiveRecord: 1.4ms)


Started GET "/" for 127.0.0.1 at 2018-07-30 16:30:00 -0300
  [1m[36mActiveRecord::SchemaMigration Load (0.5ms)[0m  [1m[34mSELECT "schema_migrations".* FROM "schema_migrations"[0m
Processing by WelcomeController#index as HTML
  Rendering welcome/index.html.erb within layouts/application
  Rendered welcome/index.html.erb within layouts/application (1.9ms)
  [1m[36mUser Load (0.6ms)[0m  [1m[34mSELECT  "users".* FROM "users" WHERE "users"."id" = $1 LIMIT $2[0m  [["id", 2], ["LIMIT", 1]]
  Rendered layouts/_navigation.html.erb (22.4ms)
Completed 200 OK in 4156ms (Views: 4149.3ms | ActiveRecord: 5.1ms)


Started GET "/" for 127.0.0.1 at 2018-07-30 16:30:17 -0300
Processing by WelcomeController#index as HTML
  Rendering welcome/index.html.erb within layouts/application
  Rendered welcome/index.html.erb within layouts/application (0.8ms)
  [1m[36mUser Load (0.8ms)[0m  [1m[34mSELECT  "users".* FROM "users" WHERE "users"."id" = $1 LIMIT $2[0m  [["id", 2], ["LIMIT", 1]]
  Rendered layouts/_navigation.html.erb (13.2ms)
Completed 200 OK in 188ms (Views: 185.6ms | ActiveRecord: 0.8ms)


Started GET "/posts" for 127.0.0.1 at 2018-07-30 16:31:22 -0300
Processing by PostsController#index as HTML
  Rendering posts/index.html.erb within layouts/application
  [1m[36mPost Load (0.9ms)[0m  [1m[34mSELECT "posts".* FROM "posts"[0m
  [1m[36mUser Load (0.4ms)[0m  [1m[34mSELECT  "users".* FROM "users" WHERE "users"."id" = $1 LIMIT $2[0m  [["id", 2], ["LIMIT", 1]]
  Rendered posts/index.html.erb within layouts/application (59.1ms)
  Rendered layouts/_navigation.html.erb (1.4ms)
Completed 200 OK in 222ms (Views: 192.7ms | ActiveRecord: 7.1ms)


Started GET "/posts" for 127.0.0.1 at 2018-07-30 16:32:27 -0300
Processing by PostsController#index as HTML
  Rendering posts/index.html.erb within layouts/application
  [1m[36mPost Load (1.0ms)[0m  [1m[34mSELECT "posts".* FROM "posts"[0m
  [1m[36mUser Load (0.4ms)[0m  [1m[34mSELECT  "users".* FROM "users" WHERE "users"."id" = $1 LIMIT $2[0m  [["id", 2], ["LIMIT", 1]]
  Rendered posts/index.html.erb within layouts/application (9.6ms)
  Rendered layouts/_navigation.html.erb (1.0ms)
Completed 200 OK in 129ms (Views: 126.2ms | ActiveRecord: 1.7ms)


Started GET "/posts" for 127.0.0.1 at 2018-07-30 16:33:14 -0300
Processing by PostsController#index as HTML
  Rendering posts/index.html.erb within layouts/application
  [1m[36mPost Load (0.7ms)[0m  [1m[34mSELECT "posts".* FROM "posts"[0m
  [1m[36mUser Load (0.5ms)[0m  [1m[34mSELECT  "users".* FROM "users" WHERE "users"."id" = $1 LIMIT $2[0m  [["id", 2], ["LIMIT", 1]]
  Rendered posts/index.html.erb within layouts/application (12.7ms)
  Rendered layouts/_navigation.html.erb (2.4ms)
Completed 200 OK in 255ms (Views: 251.8ms | ActiveRecord: 1.3ms)


Started GET "/posts" for 127.0.0.1 at 2018-07-30 16:34:05 -0300
Processing by PostsController#index as HTML
  Rendering posts/index.html.erb within layouts/application
  [1m[36mPost Load (1.7ms)[0m  [1m[34mSELECT "posts".* FROM "posts"[0m
  [1m[36mUser Load (0.9ms)[0m  [1m[34mSELECT  "users".* FROM "users" WHERE "users"."id" = $1 LIMIT $2[0m  [["id", 2], ["LIMIT", 1]]
  Rendered posts/index.html.erb within layouts/application (16.1ms)
  Rendered layouts/_navigation.html.erb (2.8ms)
Completed 200 OK in 270ms (Views: 264.4ms | ActiveRecord: 3.0ms)


Started GET "/posts" for 127.0.0.1 at 2018-07-30 16:34:16 -0300
Processing by PostsController#index as HTML
  Rendering posts/index.html.erb within layouts/application
  [1m[36mPost Load (0.9ms)[0m  [1m[34mSELECT "posts".* FROM "posts"[0m
  [1m[36mUser Load (0.6ms)[0m  [1m[34mSELECT  "users".* FROM "users" WHERE "users"."id" = $1 LIMIT $2[0m  [["id", 2], ["LIMIT", 1]]
  Rendered posts/index.html.erb within layouts/application (12.8ms)
  Rendered layouts/_navigation.html.erb (2.1ms)
Completed 200 OK in 226ms (Views: 222.4ms | ActiveRecord: 1.5ms)


Started GET "/posts" for 127.0.0.1 at 2018-07-30 16:34:33 -0300
Processing by PostsController#index as HTML
  Rendering posts/index.html.erb within layouts/application
  [1m[36mPost Load (2.8ms)[0m  [1m[34mSELECT "posts".* FROM "posts"[0m
  [1m[36mUser Load (1.0ms)[0m  [1m[34mSELECT  "users".* FROM "users" WHERE "users"."id" = $1 LIMIT $2[0m  [["id", 2], ["LIMIT", 1]]
  Rendered posts/index.html.erb within layouts/application (16.3ms)
  Rendered layouts/_navigation.html.erb (2.0ms)
Completed 200 OK in 267ms (Views: 260.9ms | ActiveRecord: 4.2ms)


Started GET "/posts" for 127.0.0.1 at 2018-07-30 16:35:44 -0300
Processing by PostsController#index as HTML
  Rendering posts/index.html.erb within layouts/application
  [1m[36mPost Load (0.8ms)[0m  [1m[34mSELECT "posts".* FROM "posts"[0m
  [1m[36mUser Load (0.7ms)[0m  [1m[34mSELECT  "users".* FROM "users" WHERE "users"."id" = $1 LIMIT $2[0m  [["id", 2], ["LIMIT", 1]]
  Rendered posts/index.html.erb within layouts/application (13.2ms)
  Rendered layouts/_navigation.html.erb (2.0ms)
Completed 200 OK in 247ms (Views: 243.8ms | ActiveRecord: 1.5ms)


Started GET "/posts" for 127.0.0.1 at 2018-07-30 16:36:53 -0300
Processing by PostsController#index as HTML
  Rendering posts/index.html.erb within layouts/application
  [1m[36mPost Load (0.8ms)[0m  [1m[34mSELECT "posts".* FROM "posts"[0m
  [1m[36mUser Load (0.5ms)[0m  [1m[34mSELECT  "users".* FROM "users" WHERE "users"."id" = $1 LIMIT $2[0m  [["id", 2], ["LIMIT", 1]]
  Rendered posts/index.html.erb within layouts/application (8.6ms)
  Rendered layouts/_navigation.html.erb (0.9ms)
Completed 200 OK in 131ms (Views: 128.1ms | ActiveRecord: 1.6ms)


Started GET "/posts" for 127.0.0.1 at 2018-07-30 16:38:22 -0300
Processing by PostsController#index as HTML
  Rendering posts/index.html.erb within layouts/application
  [1m[36mPost Load (0.8ms)[0m  [1m[34mSELECT "posts".* FROM "posts"[0m
  [1m[36mUser Load (0.7ms)[0m  [1m[34mSELECT  "users".* FROM "users" WHERE "users"."id" = $1 LIMIT $2[0m  [["id", 2], ["LIMIT", 1]]
  Rendered posts/index.html.erb within layouts/application (11.5ms)
  Rendered layouts/_navigation.html.erb (1.3ms)
Completed 200 OK in 251ms (Views: 247.8ms | ActiveRecord: 1.5ms)


Started GET "/posts" for 127.0.0.1 at 2018-07-30 16:38:25 -0300
Processing by PostsController#index as HTML
  Rendering posts/index.html.erb within layouts/application
  [1m[36mPost Load (0.6ms)[0m  [1m[34mSELECT "posts".* FROM "posts"[0m
  [1m[36mUser Load (0.7ms)[0m  [1m[34mSELECT  "users".* FROM "users" WHERE "users"."id" = $1 LIMIT $2[0m  [["id", 2], ["LIMIT", 1]]
  Rendered posts/index.html.erb within layouts/application (11.8ms)
  Rendered layouts/_navigation.html.erb (2.2ms)
Completed 200 OK in 223ms (Views: 219.9ms | ActiveRecord: 1.4ms)


Started GET "/posts" for 127.0.0.1 at 2018-07-30 16:38:42 -0300
Processing by PostsController#index as HTML
  Rendering posts/index.html.erb within layouts/application
  [1m[36mPost Load (0.7ms)[0m  [1m[34mSELECT "posts".* FROM "posts"[0m
  [1m[36mUser Load (0.8ms)[0m  [1m[34mSELECT  "users".* FROM "users" WHERE "users"."id" = $1 LIMIT $2[0m  [["id", 2], ["LIMIT", 1]]
  Rendered posts/index.html.erb within layouts/application (12.1ms)
  Rendered layouts/_navigation.html.erb (1.6ms)
Completed 200 OK in 219ms (Views: 216.0ms | ActiveRecord: 1.5ms)


Started GET "/posts" for 127.0.0.1 at 2018-07-30 16:38:50 -0300
Processing by PostsController#index as HTML
  Rendering posts/index.html.erb within layouts/application
  [1m[36mPost Load (0.9ms)[0m  [1m[34mSELECT "posts".* FROM "posts"[0m
  [1m[36mUser Load (0.7ms)[0m  [1m[34mSELECT  "users".* FROM "users" WHERE "users"."id" = $1 LIMIT $2[0m  [["id", 2], ["LIMIT", 1]]
  Rendered posts/index.html.erb within layouts/application (13.3ms)
  Rendered layouts/_navigation.html.erb (1.0ms)
Completed 200 OK in 238ms (Views: 233.9ms | ActiveRecord: 1.6ms)


Started GET "/posts/2" for 127.0.0.1 at 2018-07-30 16:40:35 -0300
Processing by PostsController#show as HTML
  Parameters: {"id"=>"2"}
  [1m[36mPost Load (0.5ms)[0m  [1m[34mSELECT  "posts".* FROM "posts" WHERE "posts"."id" = $1 LIMIT $2[0m  [["id", 2], ["LIMIT", 1]]
  Rendering posts/show.html.erb within layouts/application
  Rendered posts/show.html.erb within layouts/application (3.7ms)
  [1m[36mUser Load (0.3ms)[0m  [1m[34mSELECT  "users".* FROM "users" WHERE "users"."id" = $1 LIMIT $2[0m  [["id", 2], ["LIMIT", 1]]
  Rendered layouts/_navigation.html.erb (2.7ms)
Completed 200 OK in 161ms (Views: 155.9ms | ActiveRecord: 0.8ms)


Started GET "/posts/2" for 127.0.0.1 at 2018-07-30 16:41:05 -0300
Processing by PostsController#show as HTML
  Parameters: {"id"=>"2"}
  [1m[36mPost Load (0.6ms)[0m  [1m[34mSELECT  "posts".* FROM "posts" WHERE "posts"."id" = $1 LIMIT $2[0m  [["id", 2], ["LIMIT", 1]]
  Rendering posts/show.html.erb within layouts/application
  Rendered posts/show.html.erb within layouts/application (4.4ms)
  [1m[36mUser Load (0.6ms)[0m  [1m[34mSELECT  "users".* FROM "users" WHERE "users"."id" = $1 LIMIT $2[0m  [["id", 2], ["LIMIT", 1]]
  Rendered layouts/_navigation.html.erb (3.0ms)
Completed 200 OK in 240ms (Views: 235.0ms | ActiveRecord: 1.2ms)


Started GET "/posts/2" for 127.0.0.1 at 2018-07-30 16:41:18 -0300
Processing by PostsController#show as HTML
  Parameters: {"id"=>"2"}
  [1m[36mPost Load (0.6ms)[0m  [1m[34mSELECT  "posts".* FROM "posts" WHERE "posts"."id" = $1 LIMIT $2[0m  [["id", 2], ["LIMIT", 1]]
  Rendering posts/show.html.erb within layouts/application
  Rendered posts/show.html.erb within layouts/application (4.3ms)
  [1m[36mUser Load (0.3ms)[0m  [1m[34mSELECT  "users".* FROM "users" WHERE "users"."id" = $1 LIMIT $2[0m  [["id", 2], ["LIMIT", 1]]
  Rendered layouts/_navigation.html.erb (2.5ms)
Completed 200 OK in 263ms (Views: 258.7ms | ActiveRecord: 0.9ms)


Started GET "/posts/2" for 127.0.0.1 at 2018-07-30 16:41:23 -0300
Processing by PostsController#show as HTML
  Parameters: {"id"=>"2"}
  [1m[36mPost Load (0.5ms)[0m  [1m[34mSELECT  "posts".* FROM "posts" WHERE "posts"."id" = $1 LIMIT $2[0m  [["id", 2], ["LIMIT", 1]]
  Rendering posts/show.html.erb within layouts/application
  Rendered posts/show.html.erb within layouts/application (4.6ms)
  [1m[36mUser Load (0.8ms)[0m  [1m[34mSELECT  "users".* FROM "users" WHERE "users"."id" = $1 LIMIT $2[0m  [["id", 2], ["LIMIT", 1]]
  Rendered layouts/_navigation.html.erb (3.8ms)
Completed 200 OK in 263ms (Views: 258.9ms | ActiveRecord: 1.4ms)


Started GET "/posts/2" for 127.0.0.1 at 2018-07-30 16:42:31 -0300
Processing by PostsController#show as HTML
  Parameters: {"id"=>"2"}
  [1m[36mPost Load (0.8ms)[0m  [1m[34mSELECT  "posts".* FROM "posts" WHERE "posts"."id" = $1 LIMIT $2[0m  [["id", 2], ["LIMIT", 1]]
  Rendering posts/show.html.erb within layouts/application
  Rendered posts/show.html.erb within layouts/application (3.7ms)
  [1m[36mUser Load (0.5ms)[0m  [1m[34mSELECT  "users".* FROM "users" WHERE "users"."id" = $1 LIMIT $2[0m  [["id", 2], ["LIMIT", 1]]
  Rendered layouts/_navigation.html.erb (3.5ms)
Completed 200 OK in 163ms (Views: 159.0ms | ActiveRecord: 1.2ms)


Started GET "/posts/2" for 127.0.0.1 at 2018-07-30 16:43:19 -0300
Processing by PostsController#show as HTML
  Parameters: {"id"=>"2"}
  [1m[36mPost Load (0.8ms)[0m  [1m[34mSELECT  "posts".* FROM "posts" WHERE "posts"."id" = $1 LIMIT $2[0m  [["id", 2], ["LIMIT", 1]]
  Rendering posts/show.html.erb within layouts/application
  Rendered posts/show.html.erb within layouts/application (4.1ms)
  [1m[36mUser Load (0.3ms)[0m  [1m[34mSELECT  "users".* FROM "users" WHERE "users"."id" = $1 LIMIT $2[0m  [["id", 2], ["LIMIT", 1]]
  Rendered layouts/_navigation.html.erb (2.0ms)
Completed 200 OK in 2419ms (Views: 2413.5ms | ActiveRecord: 1.1ms)


Started GET "/posts/2" for 127.0.0.1 at 2018-07-30 16:43:35 -0300
Processing by PostsController#show as HTML
  Parameters: {"id"=>"2"}
  [1m[36mPost Load (0.5ms)[0m  [1m[34mSELECT  "posts".* FROM "posts" WHERE "posts"."id" = $1 LIMIT $2[0m  [["id", 2], ["LIMIT", 1]]
  Rendering posts/show.html.erb within layouts/application
  Rendered posts/show.html.erb within layouts/application (4.4ms)
  [1m[36mUser Load (0.5ms)[0m  [1m[34mSELECT  "users".* FROM "users" WHERE "users"."id" = $1 LIMIT $2[0m  [["id", 2], ["LIMIT", 1]]
  Rendered layouts/_navigation.html.erb (2.8ms)
Completed 200 OK in 2491ms (Views: 2486.7ms | ActiveRecord: 1.0ms)


Started GET "/posts/2" for 127.0.0.1 at 2018-07-30 16:43:48 -0300
Processing by PostsController#show as HTML
  Parameters: {"id"=>"2"}
  [1m[36mPost Load (0.6ms)[0m  [1m[34mSELECT  "posts".* FROM "posts" WHERE "posts"."id" = $1 LIMIT $2[0m  [["id", 2], ["LIMIT", 1]]
  Rendering posts/show.html.erb within layouts/application
  Rendered posts/show.html.erb within layouts/application (3.7ms)
  [1m[36mUser Load (0.7ms)[0m  [1m[34mSELECT  "users".* FROM "users" WHERE "users"."id" = $1 LIMIT $2[0m  [["id", 2], ["LIMIT", 1]]
  Rendered layouts/_navigation.html.erb (2.3ms)
Completed 200 OK in 2714ms (Views: 2708.9ms | ActiveRecord: 1.3ms)


Started GET "/posts/2" for 127.0.0.1 at 2018-07-30 16:45:22 -0300
Processing by PostsController#show as HTML
  Parameters: {"id"=>"2"}
  [1m[36mPost Load (0.6ms)[0m  [1m[34mSELECT  "posts".* FROM "posts" WHERE "posts"."id" = $1 LIMIT $2[0m  [["id", 2], ["LIMIT", 1]]
  Rendering posts/show.html.erb within layouts/application
  Rendered posts/show.html.erb within layouts/application (5.7ms)
  [1m[36mUser Load (0.4ms)[0m  [1m[34mSELECT  "users".* FROM "users" WHERE "users"."id" = $1 LIMIT $2[0m  [["id", 2], ["LIMIT", 1]]
  Rendered layouts/_navigation.html.erb (2.2ms)
Completed 200 OK in 249ms (Views: 243.9ms | ActiveRecord: 1.0ms)


Started GET "/posts/2" for 127.0.0.1 at 2018-07-30 16:45:51 -0300
Processing by PostsController#show as HTML
  Parameters: {"id"=>"2"}
  [1m[36mPost Load (0.7ms)[0m  [1m[34mSELECT  "posts".* FROM "posts" WHERE "posts"."id" = $1 LIMIT $2[0m  [["id", 2], ["LIMIT", 1]]
  Rendering posts/show.html.erb within layouts/application
  Rendered posts/show.html.erb within layouts/application (4.7ms)
  [1m[36mUser Load (0.6ms)[0m  [1m[34mSELECT  "users".* FROM "users" WHERE "users"."id" = $1 LIMIT $2[0m  [["id", 2], ["LIMIT", 1]]
  Rendered layouts/_navigation.html.erb (2.9ms)
Completed 200 OK in 263ms (Views: 259.0ms | ActiveRecord: 1.3ms)


Started GET "/posts/2" for 127.0.0.1 at 2018-07-30 16:46:16 -0300
Processing by PostsController#show as HTML
  Parameters: {"id"=>"2"}
  [1m[36mPost Load (1.0ms)[0m  [1m[34mSELECT  "posts".* FROM "posts" WHERE "posts"."id" = $1 LIMIT $2[0m  [["id", 2], ["LIMIT", 1]]
  Rendering posts/show.html.erb within layouts/application
  Rendered posts/show.html.erb within layouts/application (6.0ms)
  [1m[36mUser Load (1.5ms)[0m  [1m[34mSELECT  "users".* FROM "users" WHERE "users"."id" = $1 LIMIT $2[0m  [["id", 2], ["LIMIT", 1]]
  Rendered layouts/_navigation.html.erb (5.7ms)
Completed 200 OK in 338ms (Views: 331.0ms | ActiveRecord: 2.5ms)


Started GET "/categories" for 127.0.0.1 at 2018-07-30 16:46:25 -0300
Processing by CategoriesController#index as HTML
  Rendering categories/index.html.erb within layouts/application
  [1m[36mCategory Load (0.8ms)[0m  [1m[34mSELECT "categories".* FROM "categories"[0m
  Rendered categories/index.html.erb within layouts/application (28.4ms)
  [1m[36mUser Load (0.3ms)[0m  [1m[34mSELECT  "users".* FROM "users" WHERE "users"."id" = $1 LIMIT $2[0m  [["id", 2], ["LIMIT", 1]]
  Rendered layouts/_navigation.html.erb (2.1ms)
Completed 200 OK in 238ms (Views: 220.2ms | ActiveRecord: 15.1ms)


Started GET "/categories" for 127.0.0.1 at 2018-07-30 16:46:55 -0300
Processing by CategoriesController#index as HTML
  Rendering categories/index.html.erb within layouts/application
  [1m[36mCategory Load (1.3ms)[0m  [1m[34mSELECT "categories".* FROM "categories"[0m
  Rendered categories/index.html.erb within layouts/application (5.2ms)
  [1m[36mUser Load (0.7ms)[0m  [1m[34mSELECT  "users".* FROM "users" WHERE "users"."id" = $1 LIMIT $2[0m  [["id", 2], ["LIMIT", 1]]
  Rendered layouts/_navigation.html.erb (4.4ms)
Completed 200 OK in 221ms (Views: 217.5ms | ActiveRecord: 2.0ms)


